<?xml version="1.0" encoding="UTF-8"?>
<testng-results retried="23" ignored="0" total="65" passed="36" failed="6" skipped="0">
  <reporter-output>
  </reporter-output>
  <suite started-at="2025-09-13T18:05:00 CDT" name="TestSuite" finished-at="2025-09-13T18:21:24 CDT" duration-ms="983520">
    <groups>
    </groups>
    <test started-at="2025-09-13T18:05:00 CDT" name="AU MyMatrix Production Promotion Testsuite" finished-at="2025-09-13T18:21:24 CDT" duration-ms="983520">
      <class name="production_itineraries.MiscItineraryTest">
        <test-method is-config="true" signature="beforeClass()[pri:0, instance:production_itineraries.MiscItineraryTest@4e3958e7]" started-at="2025-09-13T18:17:47 CDT" name="beforeClass" finished-at="2025-09-13T18:17:47 CDT" duration-ms="7" status="PASS">
          <reporter-output>
          </reporter-output>
        </test-method> <!-- beforeClass -->
        <test-method signature="testcases_AirItineraryTest(java.lang.String,java.lang.String,java.lang.String,java.lang.String,java.lang.String,java.lang.String,java.lang.String,java.lang.String,java.lang.String,java.lang.String,java.lang.String,java.lang.String)[pri:0, instance:production_itineraries.MiscItineraryTest@4e3958e7]" started-at="2025-09-13T18:17:47 CDT" name="testcases_AirItineraryTest" data-provider="inputs" finished-at="2025-09-13T18:18:08 CDT" duration-ms="21162" status="PASS">
          <params>
            <param index="0">
              <value>
                <![CDATA[Y]]>
              </value>
            </param>
            <param index="1">
              <value>
                <![CDATA[Check Misc/Other Itinerary #1]]>
              </value>
            </param>
            <param index="2">
              <value>
                <![CDATA[AU]]>
              </value>
            </param>
            <param index="3">
              <value>
                <![CDATA[GFP17479C]]>
              </value>
            </param>
            <param index="4">
              <value>
                <![CDATA[1]]>
              </value>
            </param>
            <param index="5">
              <value>
                <![CDATA[ADMINISTRATION FEE(CMF)]]>
              </value>
            </param>
            <param index="6">
              <value>
                <![CDATA[DAKAR(DKR)]]>
              </value>
            </param>
            <param index="7">
              <value>
                <![CDATA[DAKAR(DKR)]]>
              </value>
            </param>
            <param index="8">
              <value>
                <![CDATA[23Jun2012]]>
              </value>
            </param>
            <param index="9">
              <value>
                <![CDATA[ATX ]]>
              </value>
            </param>
            <param index="10">
              <value>
                <![CDATA[]]>
              </value>
            </param>
            <param index="11">
              <value>
                <![CDATA[1]]>
              </value>
            </param>
          </params>
          <reporter-output>
          </reporter-output>
        </test-method> <!-- testcases_AirItineraryTest -->
        <test-method is-config="true" signature="afterMethod(org.testng.ITestResult)[pri:0, instance:production_itineraries.MiscItineraryTest@4e3958e7]" started-at="2025-09-13T18:18:08 CDT" name="afterMethod" finished-at="2025-09-13T18:18:08 CDT" duration-ms="204" status="PASS">
          <params>
            <param index="0">
              <value>
                <![CDATA[[TestResult name=testcases_AirItineraryTest status=SUCCESS method=MiscItineraryTest.testcases_AirItineraryTest(java.lang.String,java.lang.String,java.lang.String,java.lang.String,java.lang.String,java.lang.String,java.lang.String,java.lang.String,java.lang.String,java.lang.String,java.lang.String,java.lang.String)[pri:0, instance:production_itineraries.MiscItineraryTest@4e3958e7] output={null}]]]>
              </value>
            </param>
          </params>
          <reporter-output>
          </reporter-output>
        </test-method> <!-- afterMethod -->
        <test-method signature="testcases_AirItineraryTest(java.lang.String,java.lang.String,java.lang.String,java.lang.String,java.lang.String,java.lang.String,java.lang.String,java.lang.String,java.lang.String,java.lang.String,java.lang.String,java.lang.String)[pri:0, instance:production_itineraries.MiscItineraryTest@4e3958e7]" started-at="2025-09-13T18:18:08 CDT" name="testcases_AirItineraryTest" data-provider="inputs" finished-at="2025-09-13T18:18:13 CDT" duration-ms="4724" status="PASS">
          <params>
            <param index="0">
              <value>
                <![CDATA[Y]]>
              </value>
            </param>
            <param index="1">
              <value>
                <![CDATA[Check Misc/Other Itinerary #2]]>
              </value>
            </param>
            <param index="2">
              <value>
                <![CDATA[AU]]>
              </value>
            </param>
            <param index="3">
              <value>
                <![CDATA[]]>
              </value>
            </param>
            <param index="4">
              <value>
                <![CDATA[2]]>
              </value>
            </param>
            <param index="5">
              <value>
                <![CDATA[ADMIN FEE(CAF)]]>
              </value>
            </param>
            <param index="6">
              <value>
                <![CDATA[DAKAR(DKR)]]>
              </value>
            </param>
            <param index="7">
              <value>
                <![CDATA[DAKAR(DKR)]]>
              </value>
            </param>
            <param index="8">
              <value>
                <![CDATA[23Jun2012]]>
              </value>
            </param>
            <param index="9">
              <value>
                <![CDATA[ATX ]]>
              </value>
            </param>
            <param index="10">
              <value>
                <![CDATA[]]>
              </value>
            </param>
            <param index="11">
              <value>
                <![CDATA[2]]>
              </value>
            </param>
          </params>
          <reporter-output>
          </reporter-output>
        </test-method> <!-- testcases_AirItineraryTest -->
        <test-method is-config="true" signature="afterMethod(org.testng.ITestResult)[pri:0, instance:production_itineraries.MiscItineraryTest@4e3958e7]" started-at="2025-09-13T18:18:13 CDT" name="afterMethod" finished-at="2025-09-13T18:18:13 CDT" duration-ms="223" status="PASS">
          <params>
            <param index="0">
              <value>
                <![CDATA[[TestResult name=testcases_AirItineraryTest status=SUCCESS method=MiscItineraryTest.testcases_AirItineraryTest(java.lang.String,java.lang.String,java.lang.String,java.lang.String,java.lang.String,java.lang.String,java.lang.String,java.lang.String,java.lang.String,java.lang.String,java.lang.String,java.lang.String)[pri:0, instance:production_itineraries.MiscItineraryTest@4e3958e7] output={null}]]]>
              </value>
            </param>
          </params>
          <reporter-output>
          </reporter-output>
        </test-method> <!-- afterMethod -->
      </class> <!-- production_itineraries.MiscItineraryTest -->
      <class name="production_itineraries.RailItineraryTest">
        <test-method is-config="true" signature="beforeClass()[pri:0, instance:production_itineraries.RailItineraryTest@77f80c04]" started-at="2025-09-13T18:18:13 CDT" name="beforeClass" finished-at="2025-09-13T18:18:13 CDT" duration-ms="3" status="PASS">
          <reporter-output>
          </reporter-output>
        </test-method> <!-- beforeClass -->
        <test-method signature="testcases_RailItineraryTest(java.lang.String,java.lang.String,java.lang.String,java.lang.String,java.lang.String,java.lang.String,java.lang.String,java.lang.String,java.lang.String,java.lang.String,java.lang.String,java.lang.String,java.lang.String)[pri:0, instance:production_itineraries.RailItineraryTest@77f80c04]" started-at="2025-09-13T18:18:14 CDT" name="testcases_RailItineraryTest" data-provider="inputs" finished-at="2025-09-13T18:18:34 CDT" duration-ms="20205" status="PASS">
          <params>
            <param index="0">
              <value>
                <![CDATA[Y]]>
              </value>
            </param>
            <param index="1">
              <value>
                <![CDATA[Check Rail Itinerary #1]]>
              </value>
            </param>
            <param index="2">
              <value>
                <![CDATA[AU]]>
              </value>
            </param>
            <param index="3">
              <value>
                <![CDATA[7LZ56C]]>
              </value>
            </param>
            <param index="4">
              <value>
                <![CDATA[1]]>
              </value>
            </param>
            <param index="5">
              <value>
                <![CDATA[OTHER RAIL(XXR)]]>
              </value>
            </param>
            <param index="6">
              <value>
                <![CDATA[518]]>
              </value>
            </param>
            <param index="7">
              <value>
                <![CDATA[GENEVA RAIL(8501118)]]>
              </value>
            </param>
            <param index="8">
              <value>
                <![CDATA[ZURICH RAIL(8503000)]]>
              </value>
            </param>
            <param index="9">
              <value>
                <![CDATA[27Oct2025]]>
              </value>
            </param>
            <param index="10">
              <value>
                <![CDATA[C]]>
              </value>
            </param>
            <param index="11">
              <value>
                <![CDATA[]]>
              </value>
            </param>
            <param index="12">
              <value>
                <![CDATA[1]]>
              </value>
            </param>
          </params>
          <reporter-output>
          </reporter-output>
        </test-method> <!-- testcases_RailItineraryTest -->
        <test-method is-config="true" signature="afterMethod(org.testng.ITestResult)[pri:0, instance:production_itineraries.RailItineraryTest@77f80c04]" started-at="2025-09-13T18:18:34 CDT" name="afterMethod" finished-at="2025-09-13T18:18:34 CDT" duration-ms="183" status="PASS">
          <params>
            <param index="0">
              <value>
                <![CDATA[[TestResult name=testcases_RailItineraryTest status=SUCCESS method=RailItineraryTest.testcases_RailItineraryTest(java.lang.String,java.lang.String,java.lang.String,java.lang.String,java.lang.String,java.lang.String,java.lang.String,java.lang.String,java.lang.String,java.lang.String,java.lang.String,java.lang.String,java.lang.String)[pri:0, instance:production_itineraries.RailItineraryTest@77f80c04] output={null}]]]>
              </value>
            </param>
          </params>
          <reporter-output>
          </reporter-output>
        </test-method> <!-- afterMethod -->
        <test-method signature="testcases_RailItineraryTest(java.lang.String,java.lang.String,java.lang.String,java.lang.String,java.lang.String,java.lang.String,java.lang.String,java.lang.String,java.lang.String,java.lang.String,java.lang.String,java.lang.String,java.lang.String)[pri:0, instance:production_itineraries.RailItineraryTest@77f80c04]" started-at="2025-09-13T18:18:34 CDT" name="testcases_RailItineraryTest" data-provider="inputs" finished-at="2025-09-13T18:18:38 CDT" duration-ms="4516" status="PASS">
          <params>
            <param index="0">
              <value>
                <![CDATA[Y]]>
              </value>
            </param>
            <param index="1">
              <value>
                <![CDATA[Check Rail Itinerary #2]]>
              </value>
            </param>
            <param index="2">
              <value>
                <![CDATA[AU]]>
              </value>
            </param>
            <param index="3">
              <value>
                <![CDATA[]]>
              </value>
            </param>
            <param index="4">
              <value>
                <![CDATA[2]]>
              </value>
            </param>
            <param index="5">
              <value>
                <![CDATA[OTHER RAIL(XXR)]]>
              </value>
            </param>
            <param index="6">
              <value>
                <![CDATA[1818]]>
              </value>
            </param>
            <param index="7">
              <value>
                <![CDATA[GENEVA RAIL(8501118)]]>
              </value>
            </param>
            <param index="8">
              <value>
                <![CDATA[ZURICH RAIL(8503000)]]>
              </value>
            </param>
            <param index="9">
              <value>
                <![CDATA[27Oct2025]]>
              </value>
            </param>
            <param index="10">
              <value>
                <![CDATA[C]]>
              </value>
            </param>
            <param index="11">
              <value>
                <![CDATA[]]>
              </value>
            </param>
            <param index="12">
              <value>
                <![CDATA[2]]>
              </value>
            </param>
          </params>
          <reporter-output>
          </reporter-output>
        </test-method> <!-- testcases_RailItineraryTest -->
        <test-method is-config="true" signature="afterMethod(org.testng.ITestResult)[pri:0, instance:production_itineraries.RailItineraryTest@77f80c04]" started-at="2025-09-13T18:18:38 CDT" name="afterMethod" finished-at="2025-09-13T18:18:39 CDT" duration-ms="308" status="PASS">
          <params>
            <param index="0">
              <value>
                <![CDATA[[TestResult name=testcases_RailItineraryTest status=SUCCESS method=RailItineraryTest.testcases_RailItineraryTest(java.lang.String,java.lang.String,java.lang.String,java.lang.String,java.lang.String,java.lang.String,java.lang.String,java.lang.String,java.lang.String,java.lang.String,java.lang.String,java.lang.String,java.lang.String)[pri:0, instance:production_itineraries.RailItineraryTest@77f80c04] output={null}]]]>
              </value>
            </param>
          </params>
          <reporter-output>
          </reporter-output>
        </test-method> <!-- afterMethod -->
        <test-method signature="testcases_RailItineraryTest(java.lang.String,java.lang.String,java.lang.String,java.lang.String,java.lang.String,java.lang.String,java.lang.String,java.lang.String,java.lang.String,java.lang.String,java.lang.String,java.lang.String,java.lang.String)[pri:0, instance:production_itineraries.RailItineraryTest@77f80c04]" started-at="2025-09-13T18:18:39 CDT" name="testcases_RailItineraryTest" data-provider="inputs" finished-at="2025-09-13T18:18:44 CDT" duration-ms="5249" status="PASS">
          <params>
            <param index="0">
              <value>
                <![CDATA[Y]]>
              </value>
            </param>
            <param index="1">
              <value>
                <![CDATA[Check Rail Itinerary #3]]>
              </value>
            </param>
            <param index="2">
              <value>
                <![CDATA[AU]]>
              </value>
            </param>
            <param index="3">
              <value>
                <![CDATA[]]>
              </value>
            </param>
            <param index="4">
              <value>
                <![CDATA[3]]>
              </value>
            </param>
            <param index="5">
              <value>
                <![CDATA[OTHER RAIL(XXR)]]>
              </value>
            </param>
            <param index="6">
              <value>
                <![CDATA[452047]]>
              </value>
            </param>
            <param index="7">
              <value>
                <![CDATA[GENEVA RAIL(8501118)]]>
              </value>
            </param>
            <param index="8">
              <value>
                <![CDATA[ZURICH RAIL(8503000)]]>
              </value>
            </param>
            <param index="9">
              <value>
                <![CDATA[27Oct2025]]>
              </value>
            </param>
            <param index="10">
              <value>
                <![CDATA[C]]>
              </value>
            </param>
            <param index="11">
              <value>
                <![CDATA[]]>
              </value>
            </param>
            <param index="12">
              <value>
                <![CDATA[3]]>
              </value>
            </param>
          </params>
          <reporter-output>
          </reporter-output>
        </test-method> <!-- testcases_RailItineraryTest -->
        <test-method is-config="true" signature="afterMethod(org.testng.ITestResult)[pri:0, instance:production_itineraries.RailItineraryTest@77f80c04]" started-at="2025-09-13T18:18:44 CDT" name="afterMethod" finished-at="2025-09-13T18:18:44 CDT" duration-ms="174" status="PASS">
          <params>
            <param index="0">
              <value>
                <![CDATA[[TestResult name=testcases_RailItineraryTest status=SUCCESS method=RailItineraryTest.testcases_RailItineraryTest(java.lang.String,java.lang.String,java.lang.String,java.lang.String,java.lang.String,java.lang.String,java.lang.String,java.lang.String,java.lang.String,java.lang.String,java.lang.String,java.lang.String,java.lang.String)[pri:0, instance:production_itineraries.RailItineraryTest@77f80c04] output={null}]]]>
              </value>
            </param>
          </params>
          <reporter-output>
          </reporter-output>
        </test-method> <!-- afterMethod -->
      </class> <!-- production_itineraries.RailItineraryTest -->
      <class name="production_itineraries.BusItineraryTest">
        <test-method is-config="true" signature="beforeClass()[pri:0, instance:production_itineraries.BusItineraryTest@1dac5ef]" started-at="2025-09-13T18:18:44 CDT" name="beforeClass" finished-at="2025-09-13T18:18:44 CDT" duration-ms="0" status="PASS">
          <reporter-output>
          </reporter-output>
        </test-method> <!-- beforeClass -->
        <test-method signature="testcases_BusItineraryTest(java.lang.String,java.lang.String,java.lang.String,java.lang.String,java.lang.String,java.lang.String,java.lang.String,java.lang.String,java.lang.String,java.lang.String,java.lang.String,java.lang.String,java.lang.String)[pri:0, instance:production_itineraries.BusItineraryTest@1dac5ef]" started-at="2025-09-13T18:18:44 CDT" name="testcases_BusItineraryTest" data-provider="inputs" finished-at="2025-09-13T18:19:05 CDT" duration-ms="20517" status="PASS">
          <params>
            <param index="0">
              <value>
                <![CDATA[Y]]>
              </value>
            </param>
            <param index="1">
              <value>
                <![CDATA[Check Bus Itinerary #1]]>
              </value>
            </param>
            <param index="2">
              <value>
                <![CDATA[AU]]>
              </value>
            </param>
            <param index="3">
              <value>
                <![CDATA[G4S346C]]>
              </value>
            </param>
            <param index="4">
              <value>
                <![CDATA[1]]>
              </value>
            </param>
            <param index="5">
              <value>
                <![CDATA[OTHER BUS(ZZB)]]>
              </value>
            </param>
            <param index="6">
              <value>
                <![CDATA[9999]]>
              </value>
            </param>
            <param index="7">
              <value>
                <![CDATA[BUNBURY(BUY)]]>
              </value>
            </param>
            <param index="8">
              <value>
                <![CDATA[BUNBURY(BUY)]]>
              </value>
            </param>
            <param index="9">
              <value>
                <![CDATA[26Jun2018]]>
              </value>
            </param>
            <param index="10">
              <value>
                <![CDATA[]]>
              </value>
            </param>
            <param index="11">
              <value>
                <![CDATA[]]>
              </value>
            </param>
            <param index="12">
              <value>
                <![CDATA[1]]>
              </value>
            </param>
          </params>
          <reporter-output>
          </reporter-output>
        </test-method> <!-- testcases_BusItineraryTest -->
        <test-method is-config="true" signature="afterMethod(org.testng.ITestResult)[pri:0, instance:production_itineraries.BusItineraryTest@1dac5ef]" started-at="2025-09-13T18:19:05 CDT" name="afterMethod" finished-at="2025-09-13T18:19:05 CDT" duration-ms="191" status="PASS">
          <params>
            <param index="0">
              <value>
                <![CDATA[[TestResult name=testcases_BusItineraryTest status=SUCCESS method=BusItineraryTest.testcases_BusItineraryTest(java.lang.String,java.lang.String,java.lang.String,java.lang.String,java.lang.String,java.lang.String,java.lang.String,java.lang.String,java.lang.String,java.lang.String,java.lang.String,java.lang.String,java.lang.String)[pri:0, instance:production_itineraries.BusItineraryTest@1dac5ef] output={null}]]]>
              </value>
            </param>
          </params>
          <reporter-output>
          </reporter-output>
        </test-method> <!-- afterMethod -->
        <test-method signature="testcases_BusItineraryTest(java.lang.String,java.lang.String,java.lang.String,java.lang.String,java.lang.String,java.lang.String,java.lang.String,java.lang.String,java.lang.String,java.lang.String,java.lang.String,java.lang.String,java.lang.String)[pri:0, instance:production_itineraries.BusItineraryTest@1dac5ef]" started-at="2025-09-13T18:19:05 CDT" name="testcases_BusItineraryTest" data-provider="inputs" finished-at="2025-09-13T18:19:11 CDT" duration-ms="5790" status="PASS">
          <params>
            <param index="0">
              <value>
                <![CDATA[Y]]>
              </value>
            </param>
            <param index="1">
              <value>
                <![CDATA[Check Bus Itinerary #2]]>
              </value>
            </param>
            <param index="2">
              <value>
                <![CDATA[AU]]>
              </value>
            </param>
            <param index="3">
              <value>
                <![CDATA[]]>
              </value>
            </param>
            <param index="4">
              <value>
                <![CDATA[2]]>
              </value>
            </param>
            <param index="5">
              <value>
                <![CDATA[OTHER BUS(ZZB)]]>
              </value>
            </param>
            <param index="6">
              <value>
                <![CDATA[9999]]>
              </value>
            </param>
            <param index="7">
              <value>
                <![CDATA[PERTH(PER)]]>
              </value>
            </param>
            <param index="8">
              <value>
                <![CDATA[PERTH(PER)]]>
              </value>
            </param>
            <param index="9">
              <value>
                <![CDATA[06Aug2018]]>
              </value>
            </param>
            <param index="10">
              <value>
                <![CDATA[]]>
              </value>
            </param>
            <param index="11">
              <value>
                <![CDATA[]]>
              </value>
            </param>
            <param index="12">
              <value>
                <![CDATA[2]]>
              </value>
            </param>
          </params>
          <reporter-output>
          </reporter-output>
        </test-method> <!-- testcases_BusItineraryTest -->
        <test-method is-config="true" signature="afterMethod(org.testng.ITestResult)[pri:0, instance:production_itineraries.BusItineraryTest@1dac5ef]" started-at="2025-09-13T18:19:11 CDT" name="afterMethod" finished-at="2025-09-13T18:19:11 CDT" duration-ms="182" status="PASS">
          <params>
            <param index="0">
              <value>
                <![CDATA[[TestResult name=testcases_BusItineraryTest status=SUCCESS method=BusItineraryTest.testcases_BusItineraryTest(java.lang.String,java.lang.String,java.lang.String,java.lang.String,java.lang.String,java.lang.String,java.lang.String,java.lang.String,java.lang.String,java.lang.String,java.lang.String,java.lang.String,java.lang.String)[pri:0, instance:production_itineraries.BusItineraryTest@1dac5ef] output={null}]]]>
              </value>
            </param>
          </params>
          <reporter-output>
          </reporter-output>
        </test-method> <!-- afterMethod -->
      </class> <!-- production_itineraries.BusItineraryTest -->
      <class name="production_itineraries.AirItineraryTest">
        <test-method is-config="true" signature="beforeClass()[pri:0, instance:production_itineraries.AirItineraryTest@37271612]" started-at="2025-09-13T18:11:29 CDT" name="beforeClass" finished-at="2025-09-13T18:11:29 CDT" duration-ms="4" status="PASS">
          <reporter-output>
          </reporter-output>
        </test-method> <!-- beforeClass -->
        <test-method signature="testcases_AirItineraryTest(java.lang.String,java.lang.String,java.lang.String,java.lang.String,java.lang.String,java.lang.String,java.lang.String,java.lang.String,java.lang.String,java.lang.String,java.lang.String,java.lang.String,java.lang.String)[pri:0, instance:production_itineraries.AirItineraryTest@37271612]" started-at="2025-09-13T18:11:30 CDT" name="testcases_AirItineraryTest" data-provider="inputs" finished-at="2025-09-13T18:11:51 CDT" duration-ms="21470" status="PASS">
          <params>
            <param index="0">
              <value>
                <![CDATA[Y]]>
              </value>
            </param>
            <param index="1">
              <value>
                <![CDATA[Check Air Itinerary #1]]>
              </value>
            </param>
            <param index="2">
              <value>
                <![CDATA[AU]]>
              </value>
            </param>
            <param index="3">
              <value>
                <![CDATA[GYV0258096C]]>
              </value>
            </param>
            <param index="4">
              <value>
                <![CDATA[1]]>
              </value>
            </param>
            <param index="5">
              <value>
                <![CDATA[QANTAS AIRWAYS(QF )]]>
              </value>
            </param>
            <param index="6">
              <value>
                <![CDATA[733]]>
              </value>
            </param>
            <param index="7">
              <value>
                <![CDATA[V]]>
              </value>
            </param>
            <param index="8">
              <value>
                <![CDATA[SYDNEY(SYD)]]>
              </value>
            </param>
            <param index="9">
              <value>
                <![CDATA[ADELAIDE(ADL)]]>
              </value>
            </param>
            <param index="10">
              <value>
                <![CDATA[25Mar2024]]>
              </value>
            </param>
            <param index="11">
              <value>
                <![CDATA[]]>
              </value>
            </param>
            <param index="12">
              <value>
                <![CDATA[1]]>
              </value>
            </param>
          </params>
          <reporter-output>
          </reporter-output>
        </test-method> <!-- testcases_AirItineraryTest -->
        <test-method is-config="true" signature="afterMethod(org.testng.ITestResult)[pri:0, instance:production_itineraries.AirItineraryTest@37271612]" started-at="2025-09-13T18:11:51 CDT" name="afterMethod" finished-at="2025-09-13T18:11:51 CDT" duration-ms="208" status="PASS">
          <params>
            <param index="0">
              <value>
                <![CDATA[[TestResult name=testcases_AirItineraryTest status=SUCCESS method=AirItineraryTest.testcases_AirItineraryTest(java.lang.String,java.lang.String,java.lang.String,java.lang.String,java.lang.String,java.lang.String,java.lang.String,java.lang.String,java.lang.String,java.lang.String,java.lang.String,java.lang.String,java.lang.String)[pri:0, instance:production_itineraries.AirItineraryTest@37271612] output={null}]]]>
              </value>
            </param>
          </params>
          <reporter-output>
          </reporter-output>
        </test-method> <!-- afterMethod -->
        <test-method signature="testcases_AirItineraryTest(java.lang.String,java.lang.String,java.lang.String,java.lang.String,java.lang.String,java.lang.String,java.lang.String,java.lang.String,java.lang.String,java.lang.String,java.lang.String,java.lang.String,java.lang.String)[pri:0, instance:production_itineraries.AirItineraryTest@37271612]" started-at="2025-09-13T18:11:51 CDT" name="testcases_AirItineraryTest" data-provider="inputs" finished-at="2025-09-13T18:11:56 CDT" duration-ms="4484" status="PASS">
          <params>
            <param index="0">
              <value>
                <![CDATA[Y]]>
              </value>
            </param>
            <param index="1">
              <value>
                <![CDATA[Check Air Itinerary #2]]>
              </value>
            </param>
            <param index="2">
              <value>
                <![CDATA[AU]]>
              </value>
            </param>
            <param index="3">
              <value>
                <![CDATA[]]>
              </value>
            </param>
            <param index="4">
              <value>
                <![CDATA[2]]>
              </value>
            </param>
            <param index="5">
              <value>
                <![CDATA[QANTAS AIRWAYS(QF )]]>
              </value>
            </param>
            <param index="6">
              <value>
                <![CDATA[744]]>
              </value>
            </param>
            <param index="7">
              <value>
                <![CDATA[L]]>
              </value>
            </param>
            <param index="8">
              <value>
                <![CDATA[ADELAIDE(ADL)]]>
              </value>
            </param>
            <param index="9">
              <value>
                <![CDATA[SYDNEY(SYD)]]>
              </value>
            </param>
            <param index="10">
              <value>
                <![CDATA[27Mar2024]]>
              </value>
            </param>
            <param index="11">
              <value>
                <![CDATA[]]>
              </value>
            </param>
            <param index="12">
              <value>
                <![CDATA[2]]>
              </value>
            </param>
          </params>
          <reporter-output>
          </reporter-output>
        </test-method> <!-- testcases_AirItineraryTest -->
        <test-method is-config="true" signature="afterMethod(org.testng.ITestResult)[pri:0, instance:production_itineraries.AirItineraryTest@37271612]" started-at="2025-09-13T18:11:56 CDT" name="afterMethod" finished-at="2025-09-13T18:11:56 CDT" duration-ms="160" status="PASS">
          <params>
            <param index="0">
              <value>
                <![CDATA[[TestResult name=testcases_AirItineraryTest status=SUCCESS method=AirItineraryTest.testcases_AirItineraryTest(java.lang.String,java.lang.String,java.lang.String,java.lang.String,java.lang.String,java.lang.String,java.lang.String,java.lang.String,java.lang.String,java.lang.String,java.lang.String,java.lang.String,java.lang.String)[pri:0, instance:production_itineraries.AirItineraryTest@37271612] output={null}]]]>
              </value>
            </param>
          </params>
          <reporter-output>
          </reporter-output>
        </test-method> <!-- afterMethod -->
      </class> <!-- production_itineraries.AirItineraryTest -->
      <class name="production_itineraries.CarItineraryTest">
        <test-method is-config="true" signature="beforeClass()[pri:0, instance:production_itineraries.CarItineraryTest@4c309d4d]" started-at="2025-09-13T18:12:31 CDT" name="beforeClass" finished-at="2025-09-13T18:12:31 CDT" duration-ms="12" status="PASS">
          <reporter-output>
          </reporter-output>
        </test-method> <!-- beforeClass -->
        <test-method signature="testcases_CarItineraryTest(java.lang.String,java.lang.String,java.lang.String,java.lang.String,java.lang.String,java.lang.String,java.lang.String,java.lang.String,java.lang.String,java.lang.String,java.lang.String)[pri:0, instance:production_itineraries.CarItineraryTest@4c309d4d]" started-at="2025-09-13T18:12:31 CDT" name="testcases_CarItineraryTest" data-provider="inputs" finished-at="2025-09-13T18:12:51 CDT" duration-ms="19712" status="PASS">
          <params>
            <param index="0">
              <value>
                <![CDATA[Y]]>
              </value>
            </param>
            <param index="1">
              <value>
                <![CDATA[Check Car Itinerary #1]]>
              </value>
            </param>
            <param index="2">
              <value>
                <![CDATA[AU]]>
              </value>
            </param>
            <param index="3">
              <value>
                <![CDATA[J1E94583C]]>
              </value>
            </param>
            <param index="4">
              <value>
                <![CDATA[1]]>
              </value>
            </param>
            <param index="5">
              <value>
                <![CDATA[AVIS(ZIC)]]>
              </value>
            </param>
            <param index="6">
              <value>
                <![CDATA[ICAR - INTERMEDIATE CAR 2-4DR]]>
              </value>
            </param>
            <param index="7">
              <value>
                <![CDATA[ADELAIDE(ADL)]]>
              </value>
            </param>
            <param index="8">
              <value>
                <![CDATA[08Oct2023]]>
              </value>
            </param>
            <param index="9">
              <value>
                <![CDATA[]]>
              </value>
            </param>
            <param index="10">
              <value>
                <![CDATA[1]]>
              </value>
            </param>
          </params>
          <reporter-output>
          </reporter-output>
        </test-method> <!-- testcases_CarItineraryTest -->
        <test-method is-config="true" signature="afterMethod(org.testng.ITestResult)[pri:0, instance:production_itineraries.CarItineraryTest@4c309d4d]" started-at="2025-09-13T18:12:51 CDT" name="afterMethod" finished-at="2025-09-13T18:12:51 CDT" duration-ms="179" status="PASS">
          <params>
            <param index="0">
              <value>
                <![CDATA[[TestResult name=testcases_CarItineraryTest status=SUCCESS method=CarItineraryTest.testcases_CarItineraryTest(java.lang.String,java.lang.String,java.lang.String,java.lang.String,java.lang.String,java.lang.String,java.lang.String,java.lang.String,java.lang.String,java.lang.String,java.lang.String)[pri:0, instance:production_itineraries.CarItineraryTest@4c309d4d] output={null}]]]>
              </value>
            </param>
          </params>
          <reporter-output>
          </reporter-output>
        </test-method> <!-- afterMethod -->
        <test-method signature="testcases_CarItineraryTest(java.lang.String,java.lang.String,java.lang.String,java.lang.String,java.lang.String,java.lang.String,java.lang.String,java.lang.String,java.lang.String,java.lang.String,java.lang.String)[pri:0, instance:production_itineraries.CarItineraryTest@4c309d4d]" started-at="2025-09-13T18:12:51 CDT" name="testcases_CarItineraryTest" data-provider="inputs" finished-at="2025-09-13T18:12:57 CDT" duration-ms="5398" status="PASS">
          <params>
            <param index="0">
              <value>
                <![CDATA[Y]]>
              </value>
            </param>
            <param index="1">
              <value>
                <![CDATA[Check Car Itinerary #2]]>
              </value>
            </param>
            <param index="2">
              <value>
                <![CDATA[AU]]>
              </value>
            </param>
            <param index="3">
              <value>
                <![CDATA[]]>
              </value>
            </param>
            <param index="4">
              <value>
                <![CDATA[2]]>
              </value>
            </param>
            <param index="5">
              <value>
                <![CDATA[AVIS(ZIC)]]>
              </value>
            </param>
            <param index="6">
              <value>
                <![CDATA[IFAR - INTER 4WD AUTO A/C]]>
              </value>
            </param>
            <param index="7">
              <value>
                <![CDATA[MELBOURNE(MEL)]]>
              </value>
            </param>
            <param index="8">
              <value>
                <![CDATA[09Oct2023]]>
              </value>
            </param>
            <param index="9">
              <value>
                <![CDATA[]]>
              </value>
            </param>
            <param index="10">
              <value>
                <![CDATA[2]]>
              </value>
            </param>
          </params>
          <reporter-output>
          </reporter-output>
        </test-method> <!-- testcases_CarItineraryTest -->
        <test-method is-config="true" signature="afterMethod(org.testng.ITestResult)[pri:0, instance:production_itineraries.CarItineraryTest@4c309d4d]" started-at="2025-09-13T18:12:57 CDT" name="afterMethod" finished-at="2025-09-13T18:12:57 CDT" duration-ms="173" status="PASS">
          <params>
            <param index="0">
              <value>
                <![CDATA[[TestResult name=testcases_CarItineraryTest status=SUCCESS method=CarItineraryTest.testcases_CarItineraryTest(java.lang.String,java.lang.String,java.lang.String,java.lang.String,java.lang.String,java.lang.String,java.lang.String,java.lang.String,java.lang.String,java.lang.String,java.lang.String)[pri:0, instance:production_itineraries.CarItineraryTest@4c309d4d] output={null}]]]>
              </value>
            </param>
          </params>
          <reporter-output>
          </reporter-output>
        </test-method> <!-- afterMethod -->
      </class> <!-- production_itineraries.CarItineraryTest -->
      <class name="general.ChangeBranchTest">
        <test-method is-config="true" signature="beforeClass()[pri:0, instance:general.ChangeBranchTest@10aa41f2]" started-at="2025-09-13T18:07:46 CDT" name="beforeClass" finished-at="2025-09-13T18:07:46 CDT" duration-ms="5" status="PASS">
          <reporter-output>
          </reporter-output>
        </test-method> <!-- beforeClass -->
        <test-method signature="testcases_ChangeBranchTest(java.lang.String,java.lang.String,java.lang.String,java.lang.String,java.lang.String,java.lang.String,java.lang.String)[pri:0, instance:general.ChangeBranchTest@10aa41f2]" started-at="2025-09-13T18:07:47 CDT" name="testcases_ChangeBranchTest" data-provider="inputs" finished-at="2025-09-13T18:07:50 CDT" duration-ms="3127" status="PASS">
          <params>
            <param index="0">
              <value>
                <![CDATA[Y]]>
              </value>
            </param>
            <param index="1">
              <value>
                <![CDATA[Change Branch Test]]>
              </value>
            </param>
            <param index="2">
              <value>
                <![CDATA[AU]]>
              </value>
            </param>
            <param index="3">
              <value>
                <![CDATA[A11101000]]>
              </value>
            </param>
            <param index="4">
              <value>
                <![CDATA[A11101,]]>
              </value>
            </param>
            <param index="5">
              <value>
                <![CDATA[]]>
              </value>
            </param>
            <param index="6">
              <value>
                <![CDATA[1]]>
              </value>
            </param>
          </params>
          <reporter-output>
          </reporter-output>
        </test-method> <!-- testcases_ChangeBranchTest -->
        <test-method is-config="true" signature="afterMethod(org.testng.ITestResult)[pri:0, instance:general.ChangeBranchTest@10aa41f2]" started-at="2025-09-13T18:07:50 CDT" name="afterMethod" finished-at="2025-09-13T18:07:50 CDT" duration-ms="287" status="PASS">
          <params>
            <param index="0">
              <value>
                <![CDATA[[TestResult name=testcases_ChangeBranchTest status=SUCCESS method=ChangeBranchTest.testcases_ChangeBranchTest(java.lang.String,java.lang.String,java.lang.String,java.lang.String,java.lang.String,java.lang.String,java.lang.String)[pri:0, instance:general.ChangeBranchTest@10aa41f2] output={null}]]]>
              </value>
            </param>
          </params>
          <reporter-output>
          </reporter-output>
        </test-method> <!-- afterMethod -->
      </class> <!-- general.ChangeBranchTest -->
      <class name="production_itineraries.InsuranceItineraryTest">
        <test-method is-config="true" signature="beforeClass()[pri:0, instance:production_itineraries.InsuranceItineraryTest@6ab778a]" started-at="2025-09-13T18:15:58 CDT" name="beforeClass" finished-at="2025-09-13T18:15:58 CDT" duration-ms="0" status="PASS">
          <reporter-output>
          </reporter-output>
        </test-method> <!-- beforeClass -->
        <test-method retried="true" signature="testcases_InsuranceItineraryTest(java.lang.String,java.lang.String,java.lang.String,java.lang.String,java.lang.String,java.lang.String,java.lang.String,java.lang.String,java.lang.String,java.lang.String,java.lang.String,java.lang.String)[pri:0, instance:production_itineraries.InsuranceItineraryTest@6ab778a]" started-at="2025-09-13T18:15:58 CDT" name="testcases_InsuranceItineraryTest" data-provider="inputs" finished-at="2025-09-13T18:16:20 CDT" duration-ms="21245" status="SKIP">
          <params>
            <param index="0">
              <value>
                <![CDATA[Y]]>
              </value>
            </param>
            <param index="1">
              <value>
                <![CDATA[Check Insurance Itinerary #1]]>
              </value>
            </param>
            <param index="2">
              <value>
                <![CDATA[AU]]>
              </value>
            </param>
            <param index="3">
              <value>
                <![CDATA[S9F2139C]]>
              </value>
            </param>
            <param index="4">
              <value>
                <![CDATA[1]]>
              </value>
            </param>
            <param index="5">
              <value>
                <![CDATA[QBE INSURANCE(QB1)]]>
              </value>
            </param>
            <param index="6">
              <value>
                <![CDATA[SYDNEY(SYD)]]>
              </value>
            </param>
            <param index="7">
              <value>
                <![CDATA[SYDNEY(SYD)]]>
              </value>
            </param>
            <param index="8">
              <value>
                <![CDATA[]]>
              </value>
            </param>
            <param index="9">
              <value>
                <![CDATA[08Aug2015]]>
              </value>
            </param>
            <param index="10">
              <value>
                <![CDATA[]]>
              </value>
            </param>
            <param index="11">
              <value>
                <![CDATA[1]]>
              </value>
            </param>
          </params>
          <exception class="java.lang.AssertionError">
            <message>
              <![CDATA[expected [The WebElement "'Expand Itineraries Section' Button" was clicked] but found [The WebElement "'Expand Itineraries Section' Button" is not clickable]]]>
            </message>
            <full-stacktrace>
              <![CDATA[java.lang.AssertionError: expected [The WebElement "'Expand Itineraries Section' Button" was clicked] but found [The WebElement "'Expand Itineraries Section' Button" is not clickable]
at org.testng.Assert.fail(Assert.java:111)
at org.testng.Assert.failNotEquals(Assert.java:1590)
at org.testng.Assert.assertEqualsImpl(Assert.java:150)
at org.testng.Assert.assertEquals(Assert.java:132)
at org.testng.Assert.assertEquals(Assert.java:656)
at org.testng.Assert.assertEquals(Assert.java:666)
at utilityClasses.ReportLoggerMethods.click(ReportLoggerMethods.java:124)
at pagemethods.ClientfilePage.openInsuranceItineraryPage(ClientfilePage.java:100)
at production_itineraries.InsuranceItineraryTest.testcases_InsuranceItineraryTest(InsuranceItineraryTest.java:67)
at java.base/jdk.internal.reflect.DirectMethodHandleAccessor.invoke(DirectMethodHandleAccessor.java:103)
at java.base/java.lang.reflect.Method.invoke(Method.java:580)
at org.testng.internal.invokers.MethodInvocationHelper.invokeMethod(MethodInvocationHelper.java:141)
at org.testng.internal.invokers.TestInvoker.invokeMethod(TestInvoker.java:687)
at org.testng.internal.invokers.TestInvoker.invokeTestMethod(TestInvoker.java:230)
at org.testng.internal.invokers.MethodRunner.runInSequence(MethodRunner.java:63)
at org.testng.internal.invokers.TestInvoker$MethodInvocationAgent.invoke(TestInvoker.java:995)
at org.testng.internal.invokers.TestInvoker.invokeTestMethods(TestInvoker.java:203)
at org.testng.internal.invokers.TestMethodWorker.invokeTestMethods(TestMethodWorker.java:154)
at org.testng.internal.invokers.TestMethodWorker.run(TestMethodWorker.java:134)
at java.base/java.util.ArrayList.forEach(ArrayList.java:1596)
at org.testng.TestRunner.privateRun(TestRunner.java:741)
at org.testng.TestRunner.run(TestRunner.java:616)
at org.testng.SuiteRunner.runTest(SuiteRunner.java:421)
at org.testng.SuiteRunner$SuiteWorker.run(SuiteRunner.java:463)
at org.testng.internal.thread.ThreadUtil.lambda$execute$0(ThreadUtil.java:64)
at java.base/java.util.concurrent.FutureTask.run(FutureTask.java:317)
at java.base/java.util.concurrent.ThreadPoolExecutor.runWorker(ThreadPoolExecutor.java:1144)
at java.base/java.util.concurrent.ThreadPoolExecutor$Worker.run(ThreadPoolExecutor.java:642)
at java.base/java.lang.Thread.run(Thread.java:1583)
]]>
            </full-stacktrace>
          </exception> <!-- java.lang.AssertionError -->
          <reporter-output>
          </reporter-output>
        </test-method> <!-- testcases_InsuranceItineraryTest -->
        <test-method is-config="true" signature="afterMethod(org.testng.ITestResult)[pri:0, instance:production_itineraries.InsuranceItineraryTest@6ab778a]" started-at="2025-09-13T18:16:20 CDT" name="afterMethod" finished-at="2025-09-13T18:16:20 CDT" duration-ms="3" status="PASS">
          <params>
            <param index="0">
              <value>
                <![CDATA[[TestResult name=testcases_InsuranceItineraryTest status=SKIP method=InsuranceItineraryTest.testcases_InsuranceItineraryTest(java.lang.String,java.lang.String,java.lang.String,java.lang.String,java.lang.String,java.lang.String,java.lang.String,java.lang.String,java.lang.String,java.lang.String,java.lang.String,java.lang.String)[pri:0, instance:production_itineraries.InsuranceItineraryTest@6ab778a] output={null}]]]>
              </value>
            </param>
          </params>
          <reporter-output>
          </reporter-output>
        </test-method> <!-- afterMethod -->
        <test-method retried="true" signature="testcases_InsuranceItineraryTest(java.lang.String,java.lang.String,java.lang.String,java.lang.String,java.lang.String,java.lang.String,java.lang.String,java.lang.String,java.lang.String,java.lang.String,java.lang.String,java.lang.String)[pri:0, instance:production_itineraries.InsuranceItineraryTest@6ab778a]" started-at="2025-09-13T18:16:20 CDT" name="testcases_InsuranceItineraryTest" data-provider="inputs" finished-at="2025-09-13T18:16:39 CDT" duration-ms="19787" status="SKIP">
          <params>
            <param index="0">
              <value>
                <![CDATA[Y]]>
              </value>
            </param>
            <param index="1">
              <value>
                <![CDATA[Check Insurance Itinerary #1]]>
              </value>
            </param>
            <param index="2">
              <value>
                <![CDATA[AU]]>
              </value>
            </param>
            <param index="3">
              <value>
                <![CDATA[S9F2139C]]>
              </value>
            </param>
            <param index="4">
              <value>
                <![CDATA[1]]>
              </value>
            </param>
            <param index="5">
              <value>
                <![CDATA[QBE INSURANCE(QB1)]]>
              </value>
            </param>
            <param index="6">
              <value>
                <![CDATA[SYDNEY(SYD)]]>
              </value>
            </param>
            <param index="7">
              <value>
                <![CDATA[SYDNEY(SYD)]]>
              </value>
            </param>
            <param index="8">
              <value>
                <![CDATA[]]>
              </value>
            </param>
            <param index="9">
              <value>
                <![CDATA[08Aug2015]]>
              </value>
            </param>
            <param index="10">
              <value>
                <![CDATA[]]>
              </value>
            </param>
            <param index="11">
              <value>
                <![CDATA[1]]>
              </value>
            </param>
          </params>
          <exception class="java.lang.AssertionError">
            <message>
              <![CDATA[expected [The WebElement "'Expand Itineraries Section' Button" was clicked] but found [The WebElement "'Expand Itineraries Section' Button" is not clickable]]]>
            </message>
            <full-stacktrace>
              <![CDATA[java.lang.AssertionError: expected [The WebElement "'Expand Itineraries Section' Button" was clicked] but found [The WebElement "'Expand Itineraries Section' Button" is not clickable]
at org.testng.Assert.fail(Assert.java:111)
at org.testng.Assert.failNotEquals(Assert.java:1590)
at org.testng.Assert.assertEqualsImpl(Assert.java:150)
at org.testng.Assert.assertEquals(Assert.java:132)
at org.testng.Assert.assertEquals(Assert.java:656)
at org.testng.Assert.assertEquals(Assert.java:666)
at utilityClasses.ReportLoggerMethods.click(ReportLoggerMethods.java:124)
at pagemethods.ClientfilePage.openInsuranceItineraryPage(ClientfilePage.java:100)
at production_itineraries.InsuranceItineraryTest.testcases_InsuranceItineraryTest(InsuranceItineraryTest.java:67)
at java.base/jdk.internal.reflect.DirectMethodHandleAccessor.invoke(DirectMethodHandleAccessor.java:103)
at java.base/java.lang.reflect.Method.invoke(Method.java:580)
at org.testng.internal.invokers.MethodInvocationHelper.invokeMethod(MethodInvocationHelper.java:141)
at org.testng.internal.invokers.TestInvoker.invokeMethod(TestInvoker.java:687)
at org.testng.internal.invokers.TestInvoker.retryFailed(TestInvoker.java:269)
at org.testng.internal.invokers.MethodRunner.runInSequence(MethodRunner.java:76)
at org.testng.internal.invokers.TestInvoker$MethodInvocationAgent.invoke(TestInvoker.java:995)
at org.testng.internal.invokers.TestInvoker.invokeTestMethods(TestInvoker.java:203)
at org.testng.internal.invokers.TestMethodWorker.invokeTestMethods(TestMethodWorker.java:154)
at org.testng.internal.invokers.TestMethodWorker.run(TestMethodWorker.java:134)
at java.base/java.util.ArrayList.forEach(ArrayList.java:1596)
at org.testng.TestRunner.privateRun(TestRunner.java:741)
at org.testng.TestRunner.run(TestRunner.java:616)
at org.testng.SuiteRunner.runTest(SuiteRunner.java:421)
at org.testng.SuiteRunner$SuiteWorker.run(SuiteRunner.java:463)
at org.testng.internal.thread.ThreadUtil.lambda$execute$0(ThreadUtil.java:64)
at java.base/java.util.concurrent.FutureTask.run(FutureTask.java:317)
at java.base/java.util.concurrent.ThreadPoolExecutor.runWorker(ThreadPoolExecutor.java:1144)
at java.base/java.util.concurrent.ThreadPoolExecutor$Worker.run(ThreadPoolExecutor.java:642)
at java.base/java.lang.Thread.run(Thread.java:1583)
]]>
            </full-stacktrace>
          </exception> <!-- java.lang.AssertionError -->
          <reporter-output>
          </reporter-output>
        </test-method> <!-- testcases_InsuranceItineraryTest -->
        <test-method is-config="true" signature="afterMethod(org.testng.ITestResult)[pri:0, instance:production_itineraries.InsuranceItineraryTest@6ab778a]" started-at="2025-09-13T18:16:39 CDT" name="afterMethod" finished-at="2025-09-13T18:16:39 CDT" duration-ms="2" status="PASS">
          <params>
            <param index="0">
              <value>
                <![CDATA[[TestResult name=testcases_InsuranceItineraryTest status=SKIP method=InsuranceItineraryTest.testcases_InsuranceItineraryTest(java.lang.String,java.lang.String,java.lang.String,java.lang.String,java.lang.String,java.lang.String,java.lang.String,java.lang.String,java.lang.String,java.lang.String,java.lang.String,java.lang.String)[pri:0, instance:production_itineraries.InsuranceItineraryTest@6ab778a] output={null}]]]>
              </value>
            </param>
          </params>
          <reporter-output>
          </reporter-output>
        </test-method> <!-- afterMethod -->
        <test-method retried="true" signature="testcases_InsuranceItineraryTest(java.lang.String,java.lang.String,java.lang.String,java.lang.String,java.lang.String,java.lang.String,java.lang.String,java.lang.String,java.lang.String,java.lang.String,java.lang.String,java.lang.String)[pri:0, instance:production_itineraries.InsuranceItineraryTest@6ab778a]" started-at="2025-09-13T18:16:39 CDT" name="testcases_InsuranceItineraryTest" data-provider="inputs" finished-at="2025-09-13T18:16:59 CDT" duration-ms="20143" status="SKIP">
          <params>
            <param index="0">
              <value>
                <![CDATA[Y]]>
              </value>
            </param>
            <param index="1">
              <value>
                <![CDATA[Check Insurance Itinerary #1]]>
              </value>
            </param>
            <param index="2">
              <value>
                <![CDATA[AU]]>
              </value>
            </param>
            <param index="3">
              <value>
                <![CDATA[S9F2139C]]>
              </value>
            </param>
            <param index="4">
              <value>
                <![CDATA[1]]>
              </value>
            </param>
            <param index="5">
              <value>
                <![CDATA[QBE INSURANCE(QB1)]]>
              </value>
            </param>
            <param index="6">
              <value>
                <![CDATA[SYDNEY(SYD)]]>
              </value>
            </param>
            <param index="7">
              <value>
                <![CDATA[SYDNEY(SYD)]]>
              </value>
            </param>
            <param index="8">
              <value>
                <![CDATA[]]>
              </value>
            </param>
            <param index="9">
              <value>
                <![CDATA[08Aug2015]]>
              </value>
            </param>
            <param index="10">
              <value>
                <![CDATA[]]>
              </value>
            </param>
            <param index="11">
              <value>
                <![CDATA[1]]>
              </value>
            </param>
          </params>
          <exception class="java.lang.AssertionError">
            <message>
              <![CDATA[expected [The WebElement "'Expand Itineraries Section' Button" was clicked] but found [The WebElement "'Expand Itineraries Section' Button" is not clickable]]]>
            </message>
            <full-stacktrace>
              <![CDATA[java.lang.AssertionError: expected [The WebElement "'Expand Itineraries Section' Button" was clicked] but found [The WebElement "'Expand Itineraries Section' Button" is not clickable]
at org.testng.Assert.fail(Assert.java:111)
at org.testng.Assert.failNotEquals(Assert.java:1590)
at org.testng.Assert.assertEqualsImpl(Assert.java:150)
at org.testng.Assert.assertEquals(Assert.java:132)
at org.testng.Assert.assertEquals(Assert.java:656)
at org.testng.Assert.assertEquals(Assert.java:666)
at utilityClasses.ReportLoggerMethods.click(ReportLoggerMethods.java:124)
at pagemethods.ClientfilePage.openInsuranceItineraryPage(ClientfilePage.java:100)
at production_itineraries.InsuranceItineraryTest.testcases_InsuranceItineraryTest(InsuranceItineraryTest.java:67)
at java.base/jdk.internal.reflect.DirectMethodHandleAccessor.invoke(DirectMethodHandleAccessor.java:103)
at java.base/java.lang.reflect.Method.invoke(Method.java:580)
at org.testng.internal.invokers.MethodInvocationHelper.invokeMethod(MethodInvocationHelper.java:141)
at org.testng.internal.invokers.TestInvoker.invokeMethod(TestInvoker.java:687)
at org.testng.internal.invokers.TestInvoker.retryFailed(TestInvoker.java:269)
at org.testng.internal.invokers.MethodRunner.runInSequence(MethodRunner.java:76)
at org.testng.internal.invokers.TestInvoker$MethodInvocationAgent.invoke(TestInvoker.java:995)
at org.testng.internal.invokers.TestInvoker.invokeTestMethods(TestInvoker.java:203)
at org.testng.internal.invokers.TestMethodWorker.invokeTestMethods(TestMethodWorker.java:154)
at org.testng.internal.invokers.TestMethodWorker.run(TestMethodWorker.java:134)
at java.base/java.util.ArrayList.forEach(ArrayList.java:1596)
at org.testng.TestRunner.privateRun(TestRunner.java:741)
at org.testng.TestRunner.run(TestRunner.java:616)
at org.testng.SuiteRunner.runTest(SuiteRunner.java:421)
at org.testng.SuiteRunner$SuiteWorker.run(SuiteRunner.java:463)
at org.testng.internal.thread.ThreadUtil.lambda$execute$0(ThreadUtil.java:64)
at java.base/java.util.concurrent.FutureTask.run(FutureTask.java:317)
at java.base/java.util.concurrent.ThreadPoolExecutor.runWorker(ThreadPoolExecutor.java:1144)
at java.base/java.util.concurrent.ThreadPoolExecutor$Worker.run(ThreadPoolExecutor.java:642)
at java.base/java.lang.Thread.run(Thread.java:1583)
]]>
            </full-stacktrace>
          </exception> <!-- java.lang.AssertionError -->
          <reporter-output>
          </reporter-output>
        </test-method> <!-- testcases_InsuranceItineraryTest -->
        <test-method is-config="true" signature="afterMethod(org.testng.ITestResult)[pri:0, instance:production_itineraries.InsuranceItineraryTest@6ab778a]" started-at="2025-09-13T18:16:59 CDT" name="afterMethod" finished-at="2025-09-13T18:17:00 CDT" duration-ms="227" status="PASS">
          <params>
            <param index="0">
              <value>
                <![CDATA[[TestResult name=testcases_InsuranceItineraryTest status=SKIP method=InsuranceItineraryTest.testcases_InsuranceItineraryTest(java.lang.String,java.lang.String,java.lang.String,java.lang.String,java.lang.String,java.lang.String,java.lang.String,java.lang.String,java.lang.String,java.lang.String,java.lang.String,java.lang.String)[pri:0, instance:production_itineraries.InsuranceItineraryTest@6ab778a] output={null}]]]>
              </value>
            </param>
          </params>
          <reporter-output>
          </reporter-output>
        </test-method> <!-- afterMethod -->
        <test-method signature="testcases_InsuranceItineraryTest(java.lang.String,java.lang.String,java.lang.String,java.lang.String,java.lang.String,java.lang.String,java.lang.String,java.lang.String,java.lang.String,java.lang.String,java.lang.String,java.lang.String)[pri:0, instance:production_itineraries.InsuranceItineraryTest@6ab778a]" started-at="2025-09-13T18:17:00 CDT" name="testcases_InsuranceItineraryTest" data-provider="inputs" finished-at="2025-09-13T18:17:20 CDT" duration-ms="20589" status="FAIL">
          <params>
            <param index="0">
              <value>
                <![CDATA[Y]]>
              </value>
            </param>
            <param index="1">
              <value>
                <![CDATA[Check Insurance Itinerary #1]]>
              </value>
            </param>
            <param index="2">
              <value>
                <![CDATA[AU]]>
              </value>
            </param>
            <param index="3">
              <value>
                <![CDATA[S9F2139C]]>
              </value>
            </param>
            <param index="4">
              <value>
                <![CDATA[1]]>
              </value>
            </param>
            <param index="5">
              <value>
                <![CDATA[QBE INSURANCE(QB1)]]>
              </value>
            </param>
            <param index="6">
              <value>
                <![CDATA[SYDNEY(SYD)]]>
              </value>
            </param>
            <param index="7">
              <value>
                <![CDATA[SYDNEY(SYD)]]>
              </value>
            </param>
            <param index="8">
              <value>
                <![CDATA[]]>
              </value>
            </param>
            <param index="9">
              <value>
                <![CDATA[08Aug2015]]>
              </value>
            </param>
            <param index="10">
              <value>
                <![CDATA[]]>
              </value>
            </param>
            <param index="11">
              <value>
                <![CDATA[1]]>
              </value>
            </param>
          </params>
          <exception class="java.lang.AssertionError">
            <message>
              <![CDATA[expected [The WebElement "'Expand Itineraries Section' Button" was clicked] but found [The WebElement "'Expand Itineraries Section' Button" is not clickable]]]>
            </message>
            <full-stacktrace>
              <![CDATA[java.lang.AssertionError: expected [The WebElement "'Expand Itineraries Section' Button" was clicked] but found [The WebElement "'Expand Itineraries Section' Button" is not clickable]
at org.testng.Assert.fail(Assert.java:111)
at org.testng.Assert.failNotEquals(Assert.java:1590)
at org.testng.Assert.assertEqualsImpl(Assert.java:150)
at org.testng.Assert.assertEquals(Assert.java:132)
at org.testng.Assert.assertEquals(Assert.java:656)
at org.testng.Assert.assertEquals(Assert.java:666)
at utilityClasses.ReportLoggerMethods.click(ReportLoggerMethods.java:124)
at pagemethods.ClientfilePage.openInsuranceItineraryPage(ClientfilePage.java:100)
at production_itineraries.InsuranceItineraryTest.testcases_InsuranceItineraryTest(InsuranceItineraryTest.java:67)
at java.base/jdk.internal.reflect.DirectMethodHandleAccessor.invoke(DirectMethodHandleAccessor.java:103)
at java.base/java.lang.reflect.Method.invoke(Method.java:580)
at org.testng.internal.invokers.MethodInvocationHelper.invokeMethod(MethodInvocationHelper.java:141)
at org.testng.internal.invokers.TestInvoker.invokeMethod(TestInvoker.java:687)
at org.testng.internal.invokers.TestInvoker.retryFailed(TestInvoker.java:269)
at org.testng.internal.invokers.MethodRunner.runInSequence(MethodRunner.java:76)
at org.testng.internal.invokers.TestInvoker$MethodInvocationAgent.invoke(TestInvoker.java:995)
at org.testng.internal.invokers.TestInvoker.invokeTestMethods(TestInvoker.java:203)
at org.testng.internal.invokers.TestMethodWorker.invokeTestMethods(TestMethodWorker.java:154)
at org.testng.internal.invokers.TestMethodWorker.run(TestMethodWorker.java:134)
at java.base/java.util.ArrayList.forEach(ArrayList.java:1596)
at org.testng.TestRunner.privateRun(TestRunner.java:741)
at org.testng.TestRunner.run(TestRunner.java:616)
at org.testng.SuiteRunner.runTest(SuiteRunner.java:421)
at org.testng.SuiteRunner$SuiteWorker.run(SuiteRunner.java:463)
at org.testng.internal.thread.ThreadUtil.lambda$execute$0(ThreadUtil.java:64)
at java.base/java.util.concurrent.FutureTask.run(FutureTask.java:317)
at java.base/java.util.concurrent.ThreadPoolExecutor.runWorker(ThreadPoolExecutor.java:1144)
at java.base/java.util.concurrent.ThreadPoolExecutor$Worker.run(ThreadPoolExecutor.java:642)
at java.base/java.lang.Thread.run(Thread.java:1583)
]]>
            </full-stacktrace>
          </exception> <!-- java.lang.AssertionError -->
          <reporter-output>
          </reporter-output>
        </test-method> <!-- testcases_InsuranceItineraryTest -->
        <test-method is-config="true" signature="afterMethod(org.testng.ITestResult)[pri:0, instance:production_itineraries.InsuranceItineraryTest@6ab778a]" started-at="2025-09-13T18:17:20 CDT" name="afterMethod" finished-at="2025-09-13T18:17:20 CDT" duration-ms="11" status="PASS">
          <params>
            <param index="0">
              <value>
                <![CDATA[[TestResult name=testcases_InsuranceItineraryTest status=FAILURE method=InsuranceItineraryTest.testcases_InsuranceItineraryTest(java.lang.String,java.lang.String,java.lang.String,java.lang.String,java.lang.String,java.lang.String,java.lang.String,java.lang.String,java.lang.String,java.lang.String,java.lang.String,java.lang.String)[pri:0, instance:production_itineraries.InsuranceItineraryTest@6ab778a] output={null}]]]>
              </value>
            </param>
          </params>
          <reporter-output>
          </reporter-output>
        </test-method> <!-- afterMethod -->
        <test-method retried="true" signature="testcases_InsuranceItineraryTest(java.lang.String,java.lang.String,java.lang.String,java.lang.String,java.lang.String,java.lang.String,java.lang.String,java.lang.String,java.lang.String,java.lang.String,java.lang.String,java.lang.String)[pri:0, instance:production_itineraries.InsuranceItineraryTest@6ab778a]" started-at="2025-09-13T18:17:20 CDT" name="testcases_InsuranceItineraryTest" data-provider="inputs" finished-at="2025-09-13T18:17:27 CDT" duration-ms="6624" status="SKIP">
          <params>
            <param index="0">
              <value>
                <![CDATA[Y]]>
              </value>
            </param>
            <param index="1">
              <value>
                <![CDATA[Check Insurance Itinerary #2]]>
              </value>
            </param>
            <param index="2">
              <value>
                <![CDATA[AU]]>
              </value>
            </param>
            <param index="3">
              <value>
                <![CDATA[]]>
              </value>
            </param>
            <param index="4">
              <value>
                <![CDATA[2]]>
              </value>
            </param>
            <param index="5">
              <value>
                <![CDATA[QBE INSURANCE(QB1)]]>
              </value>
            </param>
            <param index="6">
              <value>
                <![CDATA[FRANKFURT INTERNATIONAL APT(FRA)]]>
              </value>
            </param>
            <param index="7">
              <value>
                <![CDATA[FRANKFURT INTERNATIONAL APT(FRA)]]>
              </value>
            </param>
            <param index="8">
              <value>
                <![CDATA[]]>
              </value>
            </param>
            <param index="9">
              <value>
                <![CDATA[16Sep2015]]>
              </value>
            </param>
            <param index="10">
              <value>
                <![CDATA[]]>
              </value>
            </param>
            <param index="11">
              <value>
                <![CDATA[2]]>
              </value>
            </param>
          </params>
          <exception class="java.lang.AssertionError">
            <message>
              <![CDATA[expected [The WebElement "'Expand Itineraries Section' Button" was clicked] but found [The WebElement "'Expand Itineraries Section' Button" is not clickable]]]>
            </message>
            <full-stacktrace>
              <![CDATA[java.lang.AssertionError: expected [The WebElement "'Expand Itineraries Section' Button" was clicked] but found [The WebElement "'Expand Itineraries Section' Button" is not clickable]
at org.testng.Assert.fail(Assert.java:111)
at org.testng.Assert.failNotEquals(Assert.java:1590)
at org.testng.Assert.assertEqualsImpl(Assert.java:150)
at org.testng.Assert.assertEquals(Assert.java:132)
at org.testng.Assert.assertEquals(Assert.java:656)
at org.testng.Assert.assertEquals(Assert.java:666)
at utilityClasses.ReportLoggerMethods.click(ReportLoggerMethods.java:124)
at pagemethods.ClientfilePage.openInsuranceItineraryPage(ClientfilePage.java:100)
at production_itineraries.InsuranceItineraryTest.testcases_InsuranceItineraryTest(InsuranceItineraryTest.java:67)
at java.base/jdk.internal.reflect.DirectMethodHandleAccessor.invoke(DirectMethodHandleAccessor.java:103)
at java.base/java.lang.reflect.Method.invoke(Method.java:580)
at org.testng.internal.invokers.MethodInvocationHelper.invokeMethod(MethodInvocationHelper.java:141)
at org.testng.internal.invokers.TestInvoker.invokeMethod(TestInvoker.java:687)
at org.testng.internal.invokers.TestInvoker.invokeTestMethod(TestInvoker.java:230)
at org.testng.internal.invokers.MethodRunner.runInSequence(MethodRunner.java:63)
at org.testng.internal.invokers.TestInvoker$MethodInvocationAgent.invoke(TestInvoker.java:995)
at org.testng.internal.invokers.TestInvoker.invokeTestMethods(TestInvoker.java:203)
at org.testng.internal.invokers.TestMethodWorker.invokeTestMethods(TestMethodWorker.java:154)
at org.testng.internal.invokers.TestMethodWorker.run(TestMethodWorker.java:134)
at java.base/java.util.ArrayList.forEach(ArrayList.java:1596)
at org.testng.TestRunner.privateRun(TestRunner.java:741)
at org.testng.TestRunner.run(TestRunner.java:616)
at org.testng.SuiteRunner.runTest(SuiteRunner.java:421)
at org.testng.SuiteRunner$SuiteWorker.run(SuiteRunner.java:463)
at org.testng.internal.thread.ThreadUtil.lambda$execute$0(ThreadUtil.java:64)
at java.base/java.util.concurrent.FutureTask.run(FutureTask.java:317)
at java.base/java.util.concurrent.ThreadPoolExecutor.runWorker(ThreadPoolExecutor.java:1144)
at java.base/java.util.concurrent.ThreadPoolExecutor$Worker.run(ThreadPoolExecutor.java:642)
at java.base/java.lang.Thread.run(Thread.java:1583)
]]>
            </full-stacktrace>
          </exception> <!-- java.lang.AssertionError -->
          <reporter-output>
          </reporter-output>
        </test-method> <!-- testcases_InsuranceItineraryTest -->
        <test-method is-config="true" signature="afterMethod(org.testng.ITestResult)[pri:0, instance:production_itineraries.InsuranceItineraryTest@6ab778a]" started-at="2025-09-13T18:17:27 CDT" name="afterMethod" finished-at="2025-09-13T18:17:27 CDT" duration-ms="2" status="PASS">
          <params>
            <param index="0">
              <value>
                <![CDATA[[TestResult name=testcases_InsuranceItineraryTest status=SKIP method=InsuranceItineraryTest.testcases_InsuranceItineraryTest(java.lang.String,java.lang.String,java.lang.String,java.lang.String,java.lang.String,java.lang.String,java.lang.String,java.lang.String,java.lang.String,java.lang.String,java.lang.String,java.lang.String)[pri:0, instance:production_itineraries.InsuranceItineraryTest@6ab778a] output={null}]]]>
              </value>
            </param>
          </params>
          <reporter-output>
          </reporter-output>
        </test-method> <!-- afterMethod -->
        <test-method retried="true" signature="testcases_InsuranceItineraryTest(java.lang.String,java.lang.String,java.lang.String,java.lang.String,java.lang.String,java.lang.String,java.lang.String,java.lang.String,java.lang.String,java.lang.String,java.lang.String,java.lang.String)[pri:0, instance:production_itineraries.InsuranceItineraryTest@6ab778a]" started-at="2025-09-13T18:17:27 CDT" name="testcases_InsuranceItineraryTest" data-provider="inputs" finished-at="2025-09-13T18:17:34 CDT" duration-ms="6618" status="SKIP">
          <params>
            <param index="0">
              <value>
                <![CDATA[Y]]>
              </value>
            </param>
            <param index="1">
              <value>
                <![CDATA[Check Insurance Itinerary #2]]>
              </value>
            </param>
            <param index="2">
              <value>
                <![CDATA[AU]]>
              </value>
            </param>
            <param index="3">
              <value>
                <![CDATA[]]>
              </value>
            </param>
            <param index="4">
              <value>
                <![CDATA[2]]>
              </value>
            </param>
            <param index="5">
              <value>
                <![CDATA[QBE INSURANCE(QB1)]]>
              </value>
            </param>
            <param index="6">
              <value>
                <![CDATA[FRANKFURT INTERNATIONAL APT(FRA)]]>
              </value>
            </param>
            <param index="7">
              <value>
                <![CDATA[FRANKFURT INTERNATIONAL APT(FRA)]]>
              </value>
            </param>
            <param index="8">
              <value>
                <![CDATA[]]>
              </value>
            </param>
            <param index="9">
              <value>
                <![CDATA[16Sep2015]]>
              </value>
            </param>
            <param index="10">
              <value>
                <![CDATA[]]>
              </value>
            </param>
            <param index="11">
              <value>
                <![CDATA[2]]>
              </value>
            </param>
          </params>
          <exception class="java.lang.AssertionError">
            <message>
              <![CDATA[expected [The WebElement "'Expand Itineraries Section' Button" was clicked] but found [The WebElement "'Expand Itineraries Section' Button" is not clickable]]]>
            </message>
            <full-stacktrace>
              <![CDATA[java.lang.AssertionError: expected [The WebElement "'Expand Itineraries Section' Button" was clicked] but found [The WebElement "'Expand Itineraries Section' Button" is not clickable]
at org.testng.Assert.fail(Assert.java:111)
at org.testng.Assert.failNotEquals(Assert.java:1590)
at org.testng.Assert.assertEqualsImpl(Assert.java:150)
at org.testng.Assert.assertEquals(Assert.java:132)
at org.testng.Assert.assertEquals(Assert.java:656)
at org.testng.Assert.assertEquals(Assert.java:666)
at utilityClasses.ReportLoggerMethods.click(ReportLoggerMethods.java:124)
at pagemethods.ClientfilePage.openInsuranceItineraryPage(ClientfilePage.java:100)
at production_itineraries.InsuranceItineraryTest.testcases_InsuranceItineraryTest(InsuranceItineraryTest.java:67)
at java.base/jdk.internal.reflect.DirectMethodHandleAccessor.invoke(DirectMethodHandleAccessor.java:103)
at java.base/java.lang.reflect.Method.invoke(Method.java:580)
at org.testng.internal.invokers.MethodInvocationHelper.invokeMethod(MethodInvocationHelper.java:141)
at org.testng.internal.invokers.TestInvoker.invokeMethod(TestInvoker.java:687)
at org.testng.internal.invokers.TestInvoker.retryFailed(TestInvoker.java:269)
at org.testng.internal.invokers.MethodRunner.runInSequence(MethodRunner.java:76)
at org.testng.internal.invokers.TestInvoker$MethodInvocationAgent.invoke(TestInvoker.java:995)
at org.testng.internal.invokers.TestInvoker.invokeTestMethods(TestInvoker.java:203)
at org.testng.internal.invokers.TestMethodWorker.invokeTestMethods(TestMethodWorker.java:154)
at org.testng.internal.invokers.TestMethodWorker.run(TestMethodWorker.java:134)
at java.base/java.util.ArrayList.forEach(ArrayList.java:1596)
at org.testng.TestRunner.privateRun(TestRunner.java:741)
at org.testng.TestRunner.run(TestRunner.java:616)
at org.testng.SuiteRunner.runTest(SuiteRunner.java:421)
at org.testng.SuiteRunner$SuiteWorker.run(SuiteRunner.java:463)
at org.testng.internal.thread.ThreadUtil.lambda$execute$0(ThreadUtil.java:64)
at java.base/java.util.concurrent.FutureTask.run(FutureTask.java:317)
at java.base/java.util.concurrent.ThreadPoolExecutor.runWorker(ThreadPoolExecutor.java:1144)
at java.base/java.util.concurrent.ThreadPoolExecutor$Worker.run(ThreadPoolExecutor.java:642)
at java.base/java.lang.Thread.run(Thread.java:1583)
]]>
            </full-stacktrace>
          </exception> <!-- java.lang.AssertionError -->
          <reporter-output>
          </reporter-output>
        </test-method> <!-- testcases_InsuranceItineraryTest -->
        <test-method is-config="true" signature="afterMethod(org.testng.ITestResult)[pri:0, instance:production_itineraries.InsuranceItineraryTest@6ab778a]" started-at="2025-09-13T18:17:34 CDT" name="afterMethod" finished-at="2025-09-13T18:17:34 CDT" duration-ms="152" status="PASS">
          <params>
            <param index="0">
              <value>
                <![CDATA[[TestResult name=testcases_InsuranceItineraryTest status=SKIP method=InsuranceItineraryTest.testcases_InsuranceItineraryTest(java.lang.String,java.lang.String,java.lang.String,java.lang.String,java.lang.String,java.lang.String,java.lang.String,java.lang.String,java.lang.String,java.lang.String,java.lang.String,java.lang.String)[pri:0, instance:production_itineraries.InsuranceItineraryTest@6ab778a] output={null}]]]>
              </value>
            </param>
          </params>
          <reporter-output>
          </reporter-output>
        </test-method> <!-- afterMethod -->
        <test-method retried="true" signature="testcases_InsuranceItineraryTest(java.lang.String,java.lang.String,java.lang.String,java.lang.String,java.lang.String,java.lang.String,java.lang.String,java.lang.String,java.lang.String,java.lang.String,java.lang.String,java.lang.String)[pri:0, instance:production_itineraries.InsuranceItineraryTest@6ab778a]" started-at="2025-09-13T18:17:34 CDT" name="testcases_InsuranceItineraryTest" data-provider="inputs" finished-at="2025-09-13T18:17:40 CDT" duration-ms="6543" status="SKIP">
          <params>
            <param index="0">
              <value>
                <![CDATA[Y]]>
              </value>
            </param>
            <param index="1">
              <value>
                <![CDATA[Check Insurance Itinerary #2]]>
              </value>
            </param>
            <param index="2">
              <value>
                <![CDATA[AU]]>
              </value>
            </param>
            <param index="3">
              <value>
                <![CDATA[]]>
              </value>
            </param>
            <param index="4">
              <value>
                <![CDATA[2]]>
              </value>
            </param>
            <param index="5">
              <value>
                <![CDATA[QBE INSURANCE(QB1)]]>
              </value>
            </param>
            <param index="6">
              <value>
                <![CDATA[FRANKFURT INTERNATIONAL APT(FRA)]]>
              </value>
            </param>
            <param index="7">
              <value>
                <![CDATA[FRANKFURT INTERNATIONAL APT(FRA)]]>
              </value>
            </param>
            <param index="8">
              <value>
                <![CDATA[]]>
              </value>
            </param>
            <param index="9">
              <value>
                <![CDATA[16Sep2015]]>
              </value>
            </param>
            <param index="10">
              <value>
                <![CDATA[]]>
              </value>
            </param>
            <param index="11">
              <value>
                <![CDATA[2]]>
              </value>
            </param>
          </params>
[...]
                <![CDATA[11F]]>
              </value>
            </param>
            <param index="16">
              <value>
                <![CDATA[]]>
              </value>
            </param>
            <param index="17">
              <value>
                <![CDATA[]]>
              </value>
            </param>
            <param index="18">
              <value>
                <![CDATA[7]]>
              </value>
            </param>
          </params>
          <exception class="java.lang.AssertionError">
            <message>
              <![CDATA[expected [The WebElement "'View' Menu Listing Drop-Down" was clicked] but found [The WebElement "'View' Menu Listing Drop-Down" is not clickable]]]>
            </message>
            <full-stacktrace>
              <![CDATA[java.lang.AssertionError: expected [The WebElement "'View' Menu Listing Drop-Down" was clicked] but found [The WebElement "'View' Menu Listing Drop-Down" is not clickable]
at org.testng.Assert.fail(Assert.java:111)
at org.testng.Assert.failNotEquals(Assert.java:1590)
at org.testng.Assert.assertEqualsImpl(Assert.java:150)
at org.testng.Assert.assertEquals(Assert.java:132)
at org.testng.Assert.assertEquals(Assert.java:656)
at org.testng.Assert.assertEquals(Assert.java:666)
at utilityClasses.ReportLoggerMethods.click(ReportLoggerMethods.java:124)
at pagemethods.HomePage.goToClientfileInformationPage(HomePage.java:24)
at general.ClientfileSearchTest.testcases_ClientfileSearchTest(ClientfileSearchTest.java:62)
at java.base/jdk.internal.reflect.DirectMethodHandleAccessor.invoke(DirectMethodHandleAccessor.java:103)
at java.base/java.lang.reflect.Method.invoke(Method.java:580)
at org.testng.internal.invokers.MethodInvocationHelper.invokeMethod(MethodInvocationHelper.java:141)
at org.testng.internal.invokers.TestInvoker.invokeMethod(TestInvoker.java:687)
at org.testng.internal.invokers.TestInvoker.invokeTestMethod(TestInvoker.java:230)
at org.testng.internal.invokers.MethodRunner.runInSequence(MethodRunner.java:63)
at org.testng.internal.invokers.TestInvoker$MethodInvocationAgent.invoke(TestInvoker.java:995)
at org.testng.internal.invokers.TestInvoker.invokeTestMethods(TestInvoker.java:203)
at org.testng.internal.invokers.TestMethodWorker.invokeTestMethods(TestMethodWorker.java:154)
at org.testng.internal.invokers.TestMethodWorker.run(TestMethodWorker.java:134)
at java.base/java.util.ArrayList.forEach(ArrayList.java:1596)
at org.testng.TestRunner.privateRun(TestRunner.java:741)
at org.testng.TestRunner.run(TestRunner.java:616)
at org.testng.SuiteRunner.runTest(SuiteRunner.java:421)
at org.testng.SuiteRunner$SuiteWorker.run(SuiteRunner.java:463)
at org.testng.internal.thread.ThreadUtil.lambda$execute$0(ThreadUtil.java:64)
at java.base/java.util.concurrent.FutureTask.run(FutureTask.java:317)
at java.base/java.util.concurrent.ThreadPoolExecutor.runWorker(ThreadPoolExecutor.java:1144)
at java.base/java.util.concurrent.ThreadPoolExecutor$Worker.run(ThreadPoolExecutor.java:642)
at java.base/java.lang.Thread.run(Thread.java:1583)
]]>
            </full-stacktrace>
          </exception> <!-- java.lang.AssertionError -->
          <reporter-output>
          </reporter-output>
        </test-method> <!-- testcases_ClientfileSearchTest -->
        <test-method is-config="true" signature="afterMethod(org.testng.ITestResult)[pri:0, instance:general.ClientfileSearchTest@3af9c5b7]" started-at="2025-09-13T18:11:13 CDT" name="afterMethod" finished-at="2025-09-13T18:11:13 CDT" duration-ms="1" status="PASS">
          <params>
            <param index="0">
              <value>
                <![CDATA[[TestResult name=testcases_ClientfileSearchTest status=SKIP method=ClientfileSearchTest.testcases_ClientfileSearchTest(java.lang.String,java.lang.String,java.lang.String,java.lang.String,java.lang.String,java.lang.String,java.lang.String,java.lang.String,java.lang.String,java.lang.String,java.lang.String,java.lang.String,java.lang.String,java.lang.String,java.lang.String,java.lang.String,java.lang.String,java.lang.String,java.lang.String)[pri:0, instance:general.ClientfileSearchTest@3af9c5b7] output={null}]]]>
              </value>
            </param>
          </params>
          <reporter-output>
          </reporter-output>
        </test-method> <!-- afterMethod -->
        <test-method signature="testcases_ClientfileSearchTest(java.lang.String,java.lang.String,java.lang.String,java.lang.String,java.lang.String,java.lang.String,java.lang.String,java.lang.String,java.lang.String,java.lang.String,java.lang.String,java.lang.String,java.lang.String,java.lang.String,java.lang.String,java.lang.String,java.lang.String,java.lang.String,java.lang.String)[pri:0, instance:general.ClientfileSearchTest@3af9c5b7]" started-at="2025-09-13T18:11:13 CDT" name="testcases_ClientfileSearchTest" data-provider="inputs" finished-at="2025-09-13T18:11:29 CDT" duration-ms="16349" status="PASS">
          <params>
            <param index="0">
              <value>
                <![CDATA[Y]]>
              </value>
            </param>
            <param index="1">
              <value>
                <![CDATA[Search Clientfile via Client File Code]]>
              </value>
            </param>
            <param index="2">
              <value>
                <![CDATA[AU]]>
              </value>
            </param>
            <param index="3">
              <value>
                <![CDATA[]]>
              </value>
            </param>
            <param index="4">
              <value>
                <![CDATA[]]>
              </value>
            </param>
            <param index="5">
              <value>
                <![CDATA[]]>
              </value>
            </param>
            <param index="6">
              <value>
                <![CDATA[]]>
              </value>
            </param>
            <param index="7">
              <value>
                <![CDATA[]]>
              </value>
            </param>
            <param index="8">
              <value>
                <![CDATA[]]>
              </value>
            </param>
            <param index="9">
              <value>
                <![CDATA[]]>
              </value>
            </param>
            <param index="10">
              <value>
                <![CDATA[]]>
              </value>
            </param>
            <param index="11">
              <value>
                <![CDATA[]]>
              </value>
            </param>
            <param index="12">
              <value>
                <![CDATA[]]>
              </value>
            </param>
            <param index="13">
              <value>
                <![CDATA[]]>
              </value>
            </param>
            <param index="14">
              <value>
                <![CDATA[]]>
              </value>
            </param>
            <param index="15">
              <value>
                <![CDATA[11F]]>
              </value>
            </param>
            <param index="16">
              <value>
                <![CDATA[]]>
              </value>
            </param>
            <param index="17">
              <value>
                <![CDATA[]]>
              </value>
            </param>
            <param index="18">
              <value>
                <![CDATA[7]]>
              </value>
            </param>
          </params>
          <reporter-output>
          </reporter-output>
        </test-method> <!-- testcases_ClientfileSearchTest -->
        <test-method is-config="true" signature="afterMethod(org.testng.ITestResult)[pri:0, instance:general.ClientfileSearchTest@3af9c5b7]" started-at="2025-09-13T18:11:29 CDT" name="afterMethod" finished-at="2025-09-13T18:11:29 CDT" duration-ms="203" status="PASS">
          <params>
            <param index="0">
              <value>
                <![CDATA[[TestResult name=testcases_ClientfileSearchTest status=SUCCESS method=ClientfileSearchTest.testcases_ClientfileSearchTest(java.lang.String,java.lang.String,java.lang.String,java.lang.String,java.lang.String,java.lang.String,java.lang.String,java.lang.String,java.lang.String,java.lang.String,java.lang.String,java.lang.String,java.lang.String,java.lang.String,java.lang.String,java.lang.String,java.lang.String,java.lang.String,java.lang.String)[pri:0, instance:general.ClientfileSearchTest@3af9c5b7] output={null}]]]>
              </value>
            </param>
          </params>
          <reporter-output>
          </reporter-output>
        </test-method> <!-- afterMethod -->
      </class> <!-- general.ClientfileSearchTest -->
      <class name="production_itineraries.HotelItineraryTest">
        <test-method is-config="true" signature="beforeClass()[pri:0, instance:production_itineraries.HotelItineraryTest@ed7f8b4]" started-at="2025-09-13T18:11:56 CDT" name="beforeClass" finished-at="2025-09-13T18:11:56 CDT" duration-ms="3" status="PASS">
          <reporter-output>
          </reporter-output>
        </test-method> <!-- beforeClass -->
        <test-method signature="testcases_HotelItineraryTest(java.lang.String,java.lang.String,java.lang.String,java.lang.String,java.lang.String,java.lang.String,java.lang.String,java.lang.String,java.lang.String,java.lang.String,java.lang.String,java.lang.String,java.lang.String,java.lang.String)[pri:0, instance:production_itineraries.HotelItineraryTest@ed7f8b4]" started-at="2025-09-13T18:11:56 CDT" name="testcases_HotelItineraryTest" data-provider="inputs" finished-at="2025-09-13T18:12:18 CDT" duration-ms="22169" status="PASS">
          <params>
            <param index="0">
              <value>
                <![CDATA[Y]]>
              </value>
            </param>
            <param index="1">
              <value>
                <![CDATA[Check Hotel Itinerary #1]]>
              </value>
            </param>
            <param index="2">
              <value>
                <![CDATA[AU]]>
              </value>
            </param>
            <param index="3">
              <value>
                <![CDATA[11F0042664C]]>
              </value>
            </param>
            <param index="4">
              <value>
                <![CDATA[1]]>
              </value>
            </param>
            <param index="5">
              <value>
                <![CDATA[INTERNATIONAL HOTELS(ZZH)]]>
              </value>
            </param>
            <param index="6">
              <value>
                <![CDATA[COUNTRY APARTMENTS]]>
              </value>
            </param>
            <param index="7">
              <value>
                <![CDATA[DUBBO(DBO)]]>
              </value>
            </param>
            <param index="8">
              <value>
                <![CDATA[230 BRISBANE STREET, DUBBO NSW 2830]]>
              </value>
            </param>
            <param index="9">
              <value>
                <![CDATA[61268851141]]>
              </value>
            </param>
            <param index="10">
              <value>
                <![CDATA[AP2 - 2 BEDROOM APARTMENT]]>
              </value>
            </param>
            <param index="11">
              <value>
                <![CDATA[06Feb2023]]>
              </value>
            </param>
            <param index="12">
              <value>
                <![CDATA[]]>
              </value>
            </param>
            <param index="13">
              <value>
                <![CDATA[1]]>
              </value>
            </param>
          </params>
          <reporter-output>
          </reporter-output>
        </test-method> <!-- testcases_HotelItineraryTest -->
        <test-method is-config="true" signature="afterMethod(org.testng.ITestResult)[pri:0, instance:production_itineraries.HotelItineraryTest@ed7f8b4]" started-at="2025-09-13T18:12:18 CDT" name="afterMethod" finished-at="2025-09-13T18:12:19 CDT" duration-ms="225" status="PASS">
          <params>
            <param index="0">
              <value>
                <![CDATA[[TestResult name=testcases_HotelItineraryTest status=SUCCESS method=HotelItineraryTest.testcases_HotelItineraryTest(java.lang.String,java.lang.String,java.lang.String,java.lang.String,java.lang.String,java.lang.String,java.lang.String,java.lang.String,java.lang.String,java.lang.String,java.lang.String,java.lang.String,java.lang.String,java.lang.String)[pri:0, instance:production_itineraries.HotelItineraryTest@ed7f8b4] output={null}]]]>
              </value>
            </param>
          </params>
          <reporter-output>
          </reporter-output>
        </test-method> <!-- afterMethod -->
        <test-method signature="testcases_HotelItineraryTest(java.lang.String,java.lang.String,java.lang.String,java.lang.String,java.lang.String,java.lang.String,java.lang.String,java.lang.String,java.lang.String,java.lang.String,java.lang.String,java.lang.String,java.lang.String,java.lang.String)[pri:0, instance:production_itineraries.HotelItineraryTest@ed7f8b4]" started-at="2025-09-13T18:12:19 CDT" name="testcases_HotelItineraryTest" data-provider="inputs" finished-at="2025-09-13T18:12:25 CDT" duration-ms="5905" status="PASS">
          <params>
            <param index="0">
              <value>
                <![CDATA[Y]]>
              </value>
            </param>
            <param index="1">
              <value>
                <![CDATA[Check Hotel Itinerary #2]]>
              </value>
            </param>
            <param index="2">
              <value>
                <![CDATA[AU]]>
              </value>
            </param>
            <param index="3">
              <value>
                <![CDATA[]]>
              </value>
            </param>
            <param index="4">
              <value>
                <![CDATA[2]]>
              </value>
            </param>
            <param index="5">
              <value>
                <![CDATA[INTERNATIONAL HOTELS(ZZH)]]>
              </value>
            </param>
            <param index="6">
              <value>
                <![CDATA[COUNTRY APARTMENTS]]>
              </value>
            </param>
            <param index="7">
              <value>
                <![CDATA[DUBBO(DBO)]]>
              </value>
            </param>
            <param index="8">
              <value>
                <![CDATA[230 BRISBANE STREET DUBBO 2830]]>
              </value>
            </param>
            <param index="9">
              <value>
                <![CDATA[61268851141]]>
              </value>
            </param>
            <param index="10">
              <value>
                <![CDATA[AP1 - 1 BEDROOM APARTMENT]]>
              </value>
            </param>
            <param index="11">
              <value>
                <![CDATA[10Feb2023]]>
              </value>
            </param>
            <param index="12">
              <value>
                <![CDATA[]]>
              </value>
            </param>
            <param index="13">
              <value>
                <![CDATA[2]]>
              </value>
            </param>
          </params>
          <reporter-output>
          </reporter-output>
        </test-method> <!-- testcases_HotelItineraryTest -->
        <test-method is-config="true" signature="afterMethod(org.testng.ITestResult)[pri:0, instance:production_itineraries.HotelItineraryTest@ed7f8b4]" started-at="2025-09-13T18:12:25 CDT" name="afterMethod" finished-at="2025-09-13T18:12:25 CDT" duration-ms="150" status="PASS">
          <params>
            <param index="0">
              <value>
                <![CDATA[[TestResult name=testcases_HotelItineraryTest status=SUCCESS method=HotelItineraryTest.testcases_HotelItineraryTest(java.lang.String,java.lang.String,java.lang.String,java.lang.String,java.lang.String,java.lang.String,java.lang.String,java.lang.String,java.lang.String,java.lang.String,java.lang.String,java.lang.String,java.lang.String,java.lang.String)[pri:0, instance:production_itineraries.HotelItineraryTest@ed7f8b4] output={null}]]]>
              </value>
            </param>
          </params>
          <reporter-output>
          </reporter-output>
        </test-method> <!-- afterMethod -->
        <test-method signature="testcases_HotelItineraryTest(java.lang.String,java.lang.String,java.lang.String,java.lang.String,java.lang.String,java.lang.String,java.lang.String,java.lang.String,java.lang.String,java.lang.String,java.lang.String,java.lang.String,java.lang.String,java.lang.String)[pri:0, instance:production_itineraries.HotelItineraryTest@ed7f8b4]" started-at="2025-09-13T18:12:25 CDT" name="testcases_HotelItineraryTest" data-provider="inputs" finished-at="2025-09-13T18:12:31 CDT" duration-ms="6068" status="PASS">
          <params>
            <param index="0">
              <value>
                <![CDATA[Y]]>
              </value>
            </param>
            <param index="1">
              <value>
                <![CDATA[Check Hotel Itinerary #3]]>
              </value>
            </param>
            <param index="2">
              <value>
                <![CDATA[AU]]>
              </value>
            </param>
            <param index="3">
              <value>
                <![CDATA[]]>
              </value>
            </param>
            <param index="4">
              <value>
                <![CDATA[3]]>
              </value>
            </param>
            <param index="5">
              <value>
                <![CDATA[INTERNATIONAL HOTELS(ZZH)]]>
              </value>
            </param>
            <param index="6">
              <value>
                <![CDATA[COUNTRY APARTMENTS]]>
              </value>
            </param>
            <param index="7">
              <value>
                <![CDATA[BRISBANE(BNE)]]>
              </value>
            </param>
            <param index="8">
              <value>
                <![CDATA[230 BRISBANE STREET DUBBO NSW]]>
              </value>
            </param>
            <param index="9">
              <value>
                <![CDATA[61268851141]]>
              </value>
            </param>
            <param index="10">
              <value>
                <![CDATA[AP1 - 1 BEDROOM APARTMENT]]>
              </value>
            </param>
            <param index="11">
              <value>
                <![CDATA[13Feb2023]]>
              </value>
            </param>
            <param index="12">
              <value>
                <![CDATA[]]>
              </value>
            </param>
            <param index="13">
              <value>
                <![CDATA[3]]>
              </value>
            </param>
          </params>
          <reporter-output>
          </reporter-output>
        </test-method> <!-- testcases_HotelItineraryTest -->
        <test-method is-config="true" signature="afterMethod(org.testng.ITestResult)[pri:0, instance:production_itineraries.HotelItineraryTest@ed7f8b4]" started-at="2025-09-13T18:12:31 CDT" name="afterMethod" finished-at="2025-09-13T18:12:31 CDT" duration-ms="208" status="PASS">
          <params>
            <param index="0">
              <value>
                <![CDATA[[TestResult name=testcases_HotelItineraryTest status=SUCCESS method=HotelItineraryTest.testcases_HotelItineraryTest(java.lang.String,java.lang.String,java.lang.String,java.lang.String,java.lang.String,java.lang.String,java.lang.String,java.lang.String,java.lang.String,java.lang.String,java.lang.String,java.lang.String,java.lang.String,java.lang.String)[pri:0, instance:production_itineraries.HotelItineraryTest@ed7f8b4] output={null}]]]>
              </value>
            </param>
          </params>
          <reporter-output>
          </reporter-output>
        </test-method> <!-- afterMethod -->
      </class> <!-- production_itineraries.HotelItineraryTest -->
    </test> <!-- AU MyMatrix Production Promotion Testsuite -->
  </suite> <!-- TestSuite -->
</testng-results>
