<?xml version="1.0" encoding="UTF-8"?>
<!-- Generated by org.testng.reporters.JUnitXMLReporter -->
<testsuite ignored="6" hostname="LNUS5CG91852P3" failures="0" tests="8" name="AU MyMatrix Production Promotion Testsuite" time="158.806" errors="0" timestamp="2025-09-10T20:15:49 CDT">
  <testcase classname="general.LoginTest" name="testcases_LoginTest" time="41.717"/>
  <testcase classname="general.LoginTest" name="testcases_LoginTest" time="32.446"/>
  <testcase classname="general.ChangeBranchTest" name="testcases_ChangeBranchTest" time="1.712"/>
  <testcase classname="queues.RMITest" name="testcases_RMITest" time="16.323"/>
  <testcase classname="queues.RMITest" name="testcases_RMITest" time="15.853"/>
  <testcase classname="queues.RMITest" name="testcases_RMITest" time="15.954"/>
  <testcase classname="queues.RMITest" name="testcases_RMITest" time="15.613"/>
  <testcase classname="general.LogoutTest" name="testcases_LogoutTest" time="3.909"/>
  <testcase classname="base.TestBase" name="@BeforeTest beforeTest" time="0.0">
    <ignored/>
  </testcase> <!-- @BeforeTest beforeTest -->
  <testcase classname="base.TestBase" name="@AfterSuite afterSuite" time="0.0">
    <ignored/>
  </testcase> <!-- @AfterSuite afterSuite -->
  <testcase classname="base.TestBase" name="@AfterSuite afterSuite" time="0.0">
    <ignored/>
  </testcase> <!-- @AfterSuite afterSuite -->
  <testcase classname="base.TestBase" name="@AfterSuite afterSuite" time="0.0">
    <ignored/>
  </testcase> <!-- @AfterSuite afterSuite -->
  <testcase classname="base.TestBase" name="@BeforeTest beforeTest" time="0.0">
    <ignored/>
  </testcase> <!-- @BeforeTest beforeTest -->
  <testcase classname="base.TestBase" name="@BeforeTest beforeTest" time="0.0">
    <ignored/>
  </testcase> <!-- @BeforeTest beforeTest -->
</testsuite> <!-- AU MyMatrix Production Promotion Testsuite -->
