<?xml version="1.0" encoding="UTF-8"?>
<!-- Generated by org.testng.reporters.JUnitXMLReporter -->
<testsuite ignored="6" hostname="LNUS5CG91852P3" failures="0" tests="8" name="AU MyMatrix Production Promotion Testsuite" time="152.357" errors="0" timestamp="2025-08-24T16:08:30 CDT">
  <testcase classname="general.LoginTest" name="testcases_LoginTest" time="42.629"/>
  <testcase classname="general.LoginTest" name="testcases_LoginTest" time="32.871"/>
  <testcase classname="general.ChangeBranchTest" name="testcases_ChangeBranchTest" time="1.611"/>
  <testcase classname="queues.RMITest" name="testcases_RMITest" time="15.981"/>
  <testcase classname="queues.RMITest" name="testcases_RMITest" time="15.85"/>
  <testcase classname="queues.RMITest" name="testcases_RMITest" time="15.695"/>
  <testcase classname="queues.RMITest" name="testcases_RMITest" time="15.548"/>
  <testcase classname="general.LogoutTest" name="testcases_LogoutTest" time="4.869"/>
  <testcase classname="base.TestBase" name="@BeforeTest beforeTest" time="0.0">
    <ignored/>
  </testcase> <!-- @BeforeTest beforeTest -->
  <testcase classname="base.TestBase" name="@AfterSuite afterSuite" time="0.0">
    <ignored/>
  </testcase> <!-- @AfterSuite afterSuite -->
  <testcase classname="base.TestBase" name="@AfterSuite afterSuite" time="0.0">
    <ignored/>
  </testcase> <!-- @AfterSuite afterSuite -->
  <testcase classname="base.TestBase" name="@AfterSuite afterSuite" time="0.0">
    <ignored/>
  </testcase> <!-- @AfterSuite afterSuite -->
  <testcase classname="base.TestBase" name="@BeforeTest beforeTest" time="0.0">
    <ignored/>
  </testcase> <!-- @BeforeTest beforeTest -->
  <testcase classname="base.TestBase" name="@BeforeTest beforeTest" time="0.0">
    <ignored/>
  </testcase> <!-- @BeforeTest beforeTest -->
</testsuite> <!-- AU MyMatrix Production Promotion Testsuite -->
