<?xml version="1.0" encoding="UTF-8"?>
<!-- Generated by org.testng.reporters.JUnitXMLReporter -->
<testsuite ignored="6" hostname="LNUS5CG91852P3" failures="0" tests="9" name="AU PreProd MyMatrix Regression Testsuite" time="130.846" errors="0" timestamp="2025-08-24T15:41:56 CDT">
  <testcase classname="general.LoginTest" name="testcases_LoginTest" time="0.024"/>
  <testcase classname="general.LoginTest" name="testcases_LoginTest" time="41.024"/>
  <testcase classname="general.ChangeBranchTest" name="testcases_ChangeBranchTest" time="5.639"/>
  <testcase classname="general.ChangeBranchTest" name="testcases_ChangeBranchTest" time="1.856"/>
  <testcase classname="queues.RMITest" name="testcases_RMITest" time="18.749"/>
  <testcase classname="queues.RMITest" name="testcases_RMITest" time="17.34"/>
  <testcase classname="queues.RMITest" name="testcases_RMITest" time="17.455"/>
  <testcase classname="queues.RMITest" name="testcases_RMITest" time="17.12"/>
  <testcase classname="general.LogoutTest" name="testcases_LogoutTest" time="5.096"/>
  <testcase classname="base.TestBase" name="@BeforeTest beforeTest" time="0.0">
    <ignored/>
  </testcase> <!-- @BeforeTest beforeTest -->
  <testcase classname="base.TestBase" name="@AfterSuite afterSuite" time="0.0">
    <ignored/>
  </testcase> <!-- @AfterSuite afterSuite -->
  <testcase classname="base.TestBase" name="@AfterSuite afterSuite" time="0.0">
    <ignored/>
  </testcase> <!-- @AfterSuite afterSuite -->
  <testcase classname="base.TestBase" name="@AfterSuite afterSuite" time="0.0">
    <ignored/>
  </testcase> <!-- @AfterSuite afterSuite -->
  <testcase classname="base.TestBase" name="@BeforeTest beforeTest" time="0.0">
    <ignored/>
  </testcase> <!-- @BeforeTest beforeTest -->
  <testcase classname="base.TestBase" name="@BeforeTest beforeTest" time="0.0">
    <ignored/>
  </testcase> <!-- @BeforeTest beforeTest -->
</testsuite> <!-- AU PreProd MyMatrix Regression Testsuite -->
