<?xml version="1.0" encoding="UTF-8"?>
<!-- Generated by org.testng.reporters.JUnitXMLReporter -->
<testsuite ignored="6" hostname="LNUS5CG91852P3" failures="0" tests="8" name="AU QA MyMatrix Regression Testsuite" time="123.941" errors="0" timestamp="2025-08-24T18:25:21 CDT">
  <testcase classname="general.LoginTest" name="testcases_LoginTest" time="0.018"/>
  <testcase classname="general.LoginTest" name="testcases_LoginTest" time="34.137"/>
  <testcase classname="general.ChangeBranchTest" name="testcases_ChangeBranchTest" time="2.409"/>
  <testcase classname="queues.RMITest" name="testcases_RMITest" time="19.679"/>
  <testcase classname="queues.RMITest" name="testcases_RMITest" time="18.449"/>
  <testcase classname="queues.RMITest" name="testcases_RMITest" time="18.521"/>
  <testcase classname="queues.RMITest" name="testcases_RMITest" time="18.217"/>
  <testcase classname="general.LogoutTest" name="testcases_LogoutTest" time="5.747"/>
  <testcase classname="base.TestBase" name="@BeforeTest beforeTest" time="0.0">
    <ignored/>
  </testcase> <!-- @BeforeTest beforeTest -->
  <testcase classname="base.TestBase" name="@AfterSuite afterSuite" time="0.0">
    <ignored/>
  </testcase> <!-- @AfterSuite afterSuite -->
  <testcase classname="base.TestBase" name="@AfterSuite afterSuite" time="0.0">
    <ignored/>
  </testcase> <!-- @AfterSuite afterSuite -->
  <testcase classname="base.TestBase" name="@AfterSuite afterSuite" time="0.0">
    <ignored/>
  </testcase> <!-- @AfterSuite afterSuite -->
  <testcase classname="base.TestBase" name="@BeforeTest beforeTest" time="0.0">
    <ignored/>
  </testcase> <!-- @BeforeTest beforeTest -->
  <testcase classname="base.TestBase" name="@BeforeTest beforeTest" time="0.0">
    <ignored/>
  </testcase> <!-- @BeforeTest beforeTest -->
</testsuite> <!-- AU QA MyMatrix Regression Testsuite -->
