<?xml version="1.0" encoding="UTF-8"?>
<!-- Generated by org.testng.reporters.JUnitXMLReporter -->
<testsuite ignored="6" hostname="LNUS5CG91852P3" failures="0" tests="15" name="CA MyMatrix Production Promotion Testsuite" time="316.157" errors="0" timestamp="2025-08-24T16:05:42 CDT">
  <testcase classname="general.LoginTest" name="testcases_LoginTest" time="36.299"/>
  <testcase classname="general.LoginTest" name="testcases_LoginTest" time="0.003"/>
  <testcase classname="general.LoginTest" name="testcases_LoginTest" time="32.642"/>
  <testcase classname="general.LoginTest" name="testcases_LoginTest" time="32.531"/>
  <testcase classname="general.LoginTest" name="testcases_LoginTest" time="33.992"/>
  <testcase classname="general.LoginTest" name="testcases_LoginTest" time="36.885"/>
  <testcase classname="general.LoginTest" name="testcases_LoginTest" time="35.716">
    <skipped/>
  </testcase> <!-- testcases_LoginTest -->
  <testcase classname="general.LoginTest" name="testcases_LoginTest" time="29.707"/>
  <testcase classname="general.ChangeBranchTest" name="testcases_ChangeBranchTest" time="2.041"/>
  <testcase classname="general.ChangeBranchTest" name="testcases_ChangeBranchTest" time="1.467"/>
  <testcase classname="queues.RMITest" name="testcases_RMITest" time="15.843"/>
  <testcase classname="queues.RMITest" name="testcases_RMITest" time="15.689"/>
  <testcase classname="queues.RMITest" name="testcases_RMITest" time="16.041"/>
  <testcase classname="queues.RMITest" name="testcases_RMITest" time="15.683"/>
  <testcase classname="general.LogoutTest" name="testcases_LogoutTest" time="4.83"/>
  <testcase classname="base.TestBase" name="@BeforeTest beforeTest" time="0.0">
    <ignored/>
  </testcase> <!-- @BeforeTest beforeTest -->
  <testcase classname="base.TestBase" name="@AfterSuite afterSuite" time="0.0">
    <ignored/>
  </testcase> <!-- @AfterSuite afterSuite -->
  <testcase classname="base.TestBase" name="@AfterSuite afterSuite" time="0.0">
    <ignored/>
  </testcase> <!-- @AfterSuite afterSuite -->
  <testcase classname="base.TestBase" name="@AfterSuite afterSuite" time="0.0">
    <ignored/>
  </testcase> <!-- @AfterSuite afterSuite -->
  <testcase classname="base.TestBase" name="@BeforeTest beforeTest" time="0.0">
    <ignored/>
  </testcase> <!-- @BeforeTest beforeTest -->
  <testcase classname="base.TestBase" name="@BeforeTest beforeTest" time="0.0">
    <ignored/>
  </testcase> <!-- @BeforeTest beforeTest -->
</testsuite> <!-- CA MyMatrix Production Promotion Testsuite -->
