<?xml version="1.0" encoding="UTF-8"?>
<!-- Generated by org.testng.reporters.JUnitXMLReporter -->
<testsuite ignored="6" hostname="LNUS5CG91852P3" failures="0" tests="14" name="CA PreProd MyMatrix Regression Testsuite" time="127.841" errors="0" timestamp="2025-08-24T15:39:31 CDT">
  <testcase classname="general.LoginTest" name="testcases_LoginTest" time="0.018"/>
  <testcase classname="general.LoginTest" name="testcases_LoginTest" time="0.003"/>
  <testcase classname="general.LoginTest" name="testcases_LoginTest" time="0.003"/>
  <testcase classname="general.LoginTest" name="testcases_LoginTest" time="0.002"/>
  <testcase classname="general.LoginTest" name="testcases_LoginTest" time="0.002"/>
  <testcase classname="general.LoginTest" name="testcases_LoginTest" time="0.002"/>
  <testcase classname="general.LoginTest" name="testcases_LoginTest" time="24.821">
    <skipped/>
  </testcase> <!-- testcases_LoginTest -->
  <testcase classname="general.LoginTest" name="testcases_LoginTest" time="20.923"/>
  <testcase classname="general.ChangeBranchTest" name="testcases_ChangeBranchTest" time="1.763"/>
  <testcase classname="queues.RMITest" name="testcases_RMITest" time="16.091"/>
  <testcase classname="queues.RMITest" name="testcases_RMITest" time="16.246"/>
  <testcase classname="queues.RMITest" name="testcases_RMITest" time="16.667"/>
  <testcase classname="queues.RMITest" name="testcases_RMITest" time="16.173"/>
  <testcase classname="general.LogoutTest" name="testcases_LogoutTest" time="8.095"/>
  <testcase classname="base.TestBase" name="@BeforeTest beforeTest" time="0.0">
    <ignored/>
  </testcase> <!-- @BeforeTest beforeTest -->
  <testcase classname="base.TestBase" name="@AfterSuite afterSuite" time="0.0">
    <ignored/>
  </testcase> <!-- @AfterSuite afterSuite -->
  <testcase classname="base.TestBase" name="@AfterSuite afterSuite" time="0.0">
    <ignored/>
  </testcase> <!-- @AfterSuite afterSuite -->
  <testcase classname="base.TestBase" name="@AfterSuite afterSuite" time="0.0">
    <ignored/>
  </testcase> <!-- @AfterSuite afterSuite -->
  <testcase classname="base.TestBase" name="@BeforeTest beforeTest" time="0.0">
    <ignored/>
  </testcase> <!-- @BeforeTest beforeTest -->
  <testcase classname="base.TestBase" name="@BeforeTest beforeTest" time="0.0">
    <ignored/>
  </testcase> <!-- @BeforeTest beforeTest -->
</testsuite> <!-- CA PreProd MyMatrix Regression Testsuite -->
