<?xml version="1.0" encoding="UTF-8"?>
<!-- Generated by org.testng.reporters.JUnitXMLReporter -->
<testsuite ignored="6" hostname="LNUS5CG91852P3" failures="0" tests="13" name="DG MyMatrix Production Promotion Testsuite" time="231.163" errors="0" timestamp="2025-09-04T08:50:30 CDT">
  <testcase classname="general.LoginTest" name="testcases_LoginTest" time="37.345"/>
  <testcase classname="general.LoginTest" name="testcases_LoginTest" time="34.605"/>
  <testcase classname="general.LoginTest" name="testcases_LoginTest" time="32.874"/>
  <testcase classname="general.ChangeBranchTest" name="testcases_ChangeBranchTest" time="2.715"/>
  <testcase classname="general.ChangeBranchTest" name="testcases_ChangeBranchTest" time="2.814"/>
  <testcase classname="general.ClientfileSearchTest" name="testcases_ClientfileSearchTest" time="20.647"/>
  <testcase classname="general.ClientfileSearchTest" name="testcases_ClientfileSearchTest" time="13.714"/>
  <testcase classname="general.ClientfileSearchTest" name="testcases_ClientfileSearchTest" time="14.466"/>
  <testcase classname="general.ClientfileSearchTest" name="testcases_ClientfileSearchTest" time="10.494"/>
  <testcase classname="general.ClientfileSearchTest" name="testcases_ClientfileSearchTest" time="15.624"/>
  <testcase classname="general.ClientfileSearchTest" name="testcases_ClientfileSearchTest" time="16.391"/>
  <testcase classname="general.ClientfileSearchTest" name="testcases_ClientfileSearchTest" time="12.749"/>
  <testcase classname="general.LogoutTest" name="testcases_LogoutTest" time="4.018"/>
  <testcase classname="base.TestBase" name="@BeforeTest beforeTest" time="0.0">
    <ignored/>
  </testcase> <!-- @BeforeTest beforeTest -->
  <testcase classname="base.TestBase" name="@AfterSuite afterSuite" time="0.0">
    <ignored/>
  </testcase> <!-- @AfterSuite afterSuite -->
  <testcase classname="base.TestBase" name="@AfterSuite afterSuite" time="0.0">
    <ignored/>
  </testcase> <!-- @AfterSuite afterSuite -->
  <testcase classname="base.TestBase" name="@AfterSuite afterSuite" time="0.0">
    <ignored/>
  </testcase> <!-- @AfterSuite afterSuite -->
  <testcase classname="base.TestBase" name="@BeforeTest beforeTest" time="0.0">
    <ignored/>
  </testcase> <!-- @BeforeTest beforeTest -->
  <testcase classname="base.TestBase" name="@BeforeTest beforeTest" time="0.0">
    <ignored/>
  </testcase> <!-- @BeforeTest beforeTest -->
</testsuite> <!-- DG MyMatrix Production Promotion Testsuite -->
