<?xml version="1.0" encoding="UTF-8"?>
<!-- Generated by org.testng.reporters.JUnitXMLReporter -->
<testsuite ignored="28" hostname="LNUS5CG91852P3" failures="0" tests="32" name="MyMatrix Testsuite" time="374.263" errors="0" timestamp="2025-08-11T19:50:06 CDT">
  <testcase classname="general.LoginTest" name="testcases_LoginTest" time="29.069"/>
  <testcase classname="general.LoginTest" name="testcases_LoginTest" time="27.177"/>
  <testcase classname="general.LoginTest" name="testcases_LoginTest" time="23.94"/>
  <testcase classname="general.ChangeBranchTest" name="testcases_ChangeBranchTest" time="1.606"/>
  <testcase classname="general.ChangeBranchTest" name="testcases_ChangeBranchTest" time="1.562"/>
  <testcase classname="general.ClientfileSearchTest" name="testcases_ClientfileSearchTest" time="19.228"/>
  <testcase classname="general.ClientfileSearchTest" name="testcases_ClientfileSearchTest" time="13.314"/>
  <testcase classname="general.ClientfileSearchTest" name="testcases_ClientfileSearchTest" time="13.402"/>
  <testcase classname="general.ClientfileSearchTest" name="testcases_ClientfileSearchTest" time="10.699"/>
  <testcase classname="general.ClientfileSearchTest" name="testcases_ClientfileSearchTest" time="10.477"/>
  <testcase classname="general.ClientfileSearchTest" name="testcases_ClientfileSearchTest" time="15.833"/>
  <testcase classname="general.ClientfileSearchTest" name="testcases_ClientfileSearchTest" time="16.357"/>
  <testcase classname="general.ClientfileSearchTest" name="testcases_ClientfileSearchTest" time="1.509">
    <skipped/>
  </testcase> <!-- testcases_ClientfileSearchTest -->
  <testcase classname="general.ClientfileSearchTest" name="testcases_ClientfileSearchTest" time="11.142"/>
  <testcase classname="production_itineraries.AirItineraryTest" name="testcases_AirItineraryTest" time="13.398"/>
  <testcase classname="production_itineraries.AirItineraryTest" name="testcases_AirItineraryTest" time="2.6"/>
  <testcase classname="production_itineraries.HotelItineraryTest" name="testcases_HotelItineraryTest" time="13.786"/>
  <testcase classname="production_itineraries.CarItineraryTest" name="testcases_CarItineraryTest" time="13.613"/>
  <testcase classname="production_itineraries.TourItineraryTest" name="testcases_TourItineraryTest" time="13.198"/>
  <testcase classname="production_itineraries.TourItineraryTest" name="testcases_TourItineraryTest" time="2.763"/>
  <testcase classname="production_itineraries.TourItineraryTest" name="testcases_TourItineraryTest" time="3.023"/>
  <testcase classname="production_itineraries.ShipItineraryTest" name="testcases_ShipItineraryTest" time="15.207"/>
  <testcase classname="production_itineraries.ShipItineraryTest" name="testcases_ShipItineraryTest" time="4.546"/>
  <testcase classname="production_itineraries.InsuranceItineraryTest" name="testcases_InsuranceItineraryTest" time="13.239"/>
  <testcase classname="production_itineraries.MiscItineraryTest" name="testcases_AirItineraryTest" time="13.738"/>
  <testcase classname="production_itineraries.RailItineraryTest" name="testcases_RailItineraryTest" time="10.958"/>
  <testcase classname="production_itineraries.RailItineraryTest" name="testcases_RailItineraryTest" time="2.759"/>
  <testcase classname="production_itineraries.BusItineraryTest" name="testcases_BusItineraryTest" time="12.979"/>
  <testcase classname="production_accounting.BSPTicketTest" name="testcases_BSPTicketTest" time="11.155"/>
  <testcase classname="production_accounting.NonBSPTicketTest" name="testcases_NonBSPTicketTest" time="13.567"/>
  <testcase classname="general.LogoutTest" name="testcases_LogoutTest" time="1.462">
    <skipped/>
  </testcase> <!-- testcases_LogoutTest -->
  <testcase classname="general.LogoutTest" name="testcases_LogoutTest" time="5.262"/>
  <testcase classname="base.TestBase" name="@BeforeTest beforeTest" time="0.0">
    <ignored/>
  </testcase> <!-- @BeforeTest beforeTest -->
  <testcase classname="base.TestBase" name="@AfterSuite afterSuite" time="0.0">
    <ignored/>
  </testcase> <!-- @AfterSuite afterSuite -->
  <testcase classname="base.TestBase" name="@BeforeTest beforeTest" time="0.0">
    <ignored/>
  </testcase> <!-- @BeforeTest beforeTest -->
  <testcase classname="base.TestBase" name="@BeforeTest beforeTest" time="0.0">
    <ignored/>
  </testcase> <!-- @BeforeTest beforeTest -->
  <testcase classname="base.TestBase" name="@BeforeTest beforeTest" time="0.0">
    <ignored/>
  </testcase> <!-- @BeforeTest beforeTest -->
  <testcase classname="base.TestBase" name="@AfterSuite afterSuite" time="0.0">
    <ignored/>
  </testcase> <!-- @AfterSuite afterSuite -->
  <testcase classname="base.TestBase" name="@BeforeTest beforeTest" time="0.0">
    <ignored/>
  </testcase> <!-- @BeforeTest beforeTest -->
  <testcase classname="base.TestBase" name="@AfterSuite afterSuite" time="0.0">
    <ignored/>
  </testcase> <!-- @AfterSuite afterSuite -->
  <testcase classname="base.TestBase" name="@BeforeTest beforeTest" time="0.0">
    <ignored/>
  </testcase> <!-- @BeforeTest beforeTest -->
  <testcase classname="base.TestBase" name="@BeforeTest beforeTest" time="0.0">
    <ignored/>
  </testcase> <!-- @BeforeTest beforeTest -->
  <testcase classname="base.TestBase" name="@BeforeTest beforeTest" time="0.0">
    <ignored/>
  </testcase> <!-- @BeforeTest beforeTest -->
  <testcase classname="base.TestBase" name="@AfterSuite afterSuite" time="0.0">
    <ignored/>
  </testcase> <!-- @AfterSuite afterSuite -->
  <testcase classname="base.TestBase" name="@AfterSuite afterSuite" time="0.0">
    <ignored/>
  </testcase> <!-- @AfterSuite afterSuite -->
  <testcase classname="base.TestBase" name="@BeforeTest beforeTest" time="0.0">
    <ignored/>
  </testcase> <!-- @BeforeTest beforeTest -->
  <testcase classname="base.TestBase" name="@AfterSuite afterSuite" time="0.0">
    <ignored/>
  </testcase> <!-- @AfterSuite afterSuite -->
  <testcase classname="base.TestBase" name="@AfterSuite afterSuite" time="0.0">
    <ignored/>
  </testcase> <!-- @AfterSuite afterSuite -->
  <testcase classname="base.TestBase" name="@AfterSuite afterSuite" time="0.0">
    <ignored/>
  </testcase> <!-- @AfterSuite afterSuite -->
  <testcase classname="base.TestBase" name="@BeforeTest beforeTest" time="0.0">
    <ignored/>
  </testcase> <!-- @BeforeTest beforeTest -->
  <testcase classname="base.TestBase" name="@BeforeTest beforeTest" time="0.0">
    <ignored/>
  </testcase> <!-- @BeforeTest beforeTest -->
  <testcase classname="base.TestBase" name="@BeforeTest beforeTest" time="0.0">
    <ignored/>
  </testcase> <!-- @BeforeTest beforeTest -->
  <testcase classname="base.TestBase" name="@AfterSuite afterSuite" time="0.0">
    <ignored/>
  </testcase> <!-- @AfterSuite afterSuite -->
  <testcase classname="base.TestBase" name="@AfterSuite afterSuite" time="0.0">
    <ignored/>
  </testcase> <!-- @AfterSuite afterSuite -->
  <testcase classname="base.TestBase" name="@BeforeTest beforeTest" time="0.0">
    <ignored/>
  </testcase> <!-- @BeforeTest beforeTest -->
  <testcase classname="base.TestBase" name="@AfterSuite afterSuite" time="0.0">
    <ignored/>
  </testcase> <!-- @AfterSuite afterSuite -->
  <testcase classname="base.TestBase" name="@AfterSuite afterSuite" time="0.0">
    <ignored/>
  </testcase> <!-- @AfterSuite afterSuite -->
  <testcase classname="base.TestBase" name="@BeforeTest beforeTest" time="0.0">
    <ignored/>
  </testcase> <!-- @BeforeTest beforeTest -->
  <testcase classname="base.TestBase" name="@AfterSuite afterSuite" time="0.0">
    <ignored/>
  </testcase> <!-- @AfterSuite afterSuite -->
  <testcase classname="base.TestBase" name="@AfterSuite afterSuite" time="0.0">
    <ignored/>
  </testcase> <!-- @AfterSuite afterSuite -->
</testsuite> <!-- MyMatrix Testsuite -->
