<?xml version="1.0" encoding="UTF-8"?>
<!-- Generated by org.testng.reporters.JUnitXMLReporter -->
<testsuite ignored="6" hostname="LNUS5CG91852P3" failures="0" tests="11" name="US MyMatrix Production Promotion Testsuite" time="191.837" errors="0" timestamp="2025-08-24T15:57:18 CDT">
  <testcase classname="general.LoginTest" name="testcases_LoginTest" time="36.196"/>
  <testcase classname="general.LoginTest" name="testcases_LoginTest" time="37.317"/>
  <testcase classname="general.LoginTest" name="testcases_LoginTest" time="33.389"/>
  <testcase classname="general.ChangeBranchTest" name="testcases_ChangeBranchTest" time="2.01"/>
  <testcase classname="general.ChangeBranchTest" name="testcases_ChangeBranchTest" time="2.003"/>
  <testcase classname="general.ChangeBranchTest" name="testcases_ChangeBranchTest" time="1.329"/>
  <testcase classname="queues.RMITest" name="testcases_RMITest" time="16.183"/>
  <testcase classname="queues.RMITest" name="testcases_RMITest" time="16.301"/>
  <testcase classname="queues.RMITest" name="testcases_RMITest" time="16.991"/>
  <testcase classname="queues.RMITest" name="testcases_RMITest" time="16.072"/>
  <testcase classname="general.LogoutTest" name="testcases_LogoutTest" time="6.483"/>
  <testcase classname="base.TestBase" name="@BeforeTest beforeTest" time="0.0">
    <ignored/>
  </testcase> <!-- @BeforeTest beforeTest -->
  <testcase classname="base.TestBase" name="@AfterSuite afterSuite" time="0.0">
    <ignored/>
  </testcase> <!-- @AfterSuite afterSuite -->
  <testcase classname="base.TestBase" name="@AfterSuite afterSuite" time="0.0">
    <ignored/>
  </testcase> <!-- @AfterSuite afterSuite -->
  <testcase classname="base.TestBase" name="@AfterSuite afterSuite" time="0.0">
    <ignored/>
  </testcase> <!-- @AfterSuite afterSuite -->
  <testcase classname="base.TestBase" name="@BeforeTest beforeTest" time="0.0">
    <ignored/>
  </testcase> <!-- @BeforeTest beforeTest -->
  <testcase classname="base.TestBase" name="@BeforeTest beforeTest" time="0.0">
    <ignored/>
  </testcase> <!-- @BeforeTest beforeTest -->
</testsuite> <!-- US MyMatrix Production Promotion Testsuite -->
