<?xml version="1.0" encoding="UTF-8"?>
<!-- Generated by org.testng.reporters.JUnitXMLReporter -->
<testsuite ignored="6" hostname="LNUS5CG91852P3" failures="0" tests="9" name="US PreProd MyMatrix Regression Testsuite" time="110.882" errors="0" timestamp="2025-08-24T15:28:41 CDT">
  <testcase classname="general.LoginTest" name="testcases_LoginTest" time="0.015"/>
  <testcase classname="general.LoginTest" name="testcases_LoginTest" time="0.002"/>
  <testcase classname="general.LoginTest" name="testcases_LoginTest" time="30.959"/>
  <testcase classname="general.ChangeBranchTest" name="testcases_ChangeBranchTest" time="2.029"/>
  <testcase classname="queues.RMITest" name="testcases_RMITest" time="17.027"/>
  <testcase classname="queues.RMITest" name="testcases_RMITest" time="16.301"/>
  <testcase classname="queues.RMITest" name="testcases_RMITest" time="16.444"/>
  <testcase classname="queues.RMITest" name="testcases_RMITest" time="16.221"/>
  <testcase classname="general.LogoutTest" name="testcases_LogoutTest" time="5.584"/>
  <testcase classname="base.TestBase" name="@BeforeTest beforeTest" time="0.0">
    <ignored/>
  </testcase> <!-- @BeforeTest beforeTest -->
  <testcase classname="base.TestBase" name="@AfterSuite afterSuite" time="0.0">
    <ignored/>
  </testcase> <!-- @AfterSuite afterSuite -->
  <testcase classname="base.TestBase" name="@AfterSuite afterSuite" time="0.0">
    <ignored/>
  </testcase> <!-- @AfterSuite afterSuite -->
  <testcase classname="base.TestBase" name="@AfterSuite afterSuite" time="0.0">
    <ignored/>
  </testcase> <!-- @AfterSuite afterSuite -->
  <testcase classname="base.TestBase" name="@BeforeTest beforeTest" time="0.0">
    <ignored/>
  </testcase> <!-- @BeforeTest beforeTest -->
  <testcase classname="base.TestBase" name="@BeforeTest beforeTest" time="0.0">
    <ignored/>
  </testcase> <!-- @BeforeTest beforeTest -->
</testsuite> <!-- US PreProd MyMatrix Regression Testsuite -->
