<?xml version="1.0" encoding="UTF-8"?>
<!-- Generated by org.testng.reporters.JUnitXMLReporter -->
<testsuite ignored="6" hostname="LNUS5CG91852P3" failures="0" tests="10" name="US QA MyMatrix Regression Testsuite" time="133.609" errors="0" timestamp="2025-08-24T16:20:37 CDT">
  <testcase classname="general.LoginTest" name="testcases_LoginTest" time="0.031"/>
  <testcase classname="general.LoginTest" name="testcases_LoginTest" time="0.002"/>
  <testcase classname="general.LoginTest" name="testcases_LoginTest" time="37.786"/>
  <testcase classname="general.ChangeBranchTest" name="testcases_ChangeBranchTest" time="2.176"/>
  <testcase classname="general.ChangeBranchTest" name="testcases_ChangeBranchTest" time="1.41"/>
  <testcase classname="queues.RMITest" name="testcases_RMITest" time="19.678"/>
  <testcase classname="queues.RMITest" name="testcases_RMITest" time="19.795"/>
  <testcase classname="queues.RMITest" name="testcases_RMITest" time="20.566"/>
  <testcase classname="queues.RMITest" name="testcases_RMITest" time="19.708"/>
  <testcase classname="general.LogoutTest" name="testcases_LogoutTest" time="5.636"/>
  <testcase classname="base.TestBase" name="@BeforeTest beforeTest" time="0.0">
    <ignored/>
  </testcase> <!-- @BeforeTest beforeTest -->
  <testcase classname="base.TestBase" name="@AfterSuite afterSuite" time="0.0">
    <ignored/>
  </testcase> <!-- @AfterSuite afterSuite -->
  <testcase classname="base.TestBase" name="@AfterSuite afterSuite" time="0.0">
    <ignored/>
  </testcase> <!-- @AfterSuite afterSuite -->
  <testcase classname="base.TestBase" name="@AfterSuite afterSuite" time="0.0">
    <ignored/>
  </testcase> <!-- @AfterSuite afterSuite -->
  <testcase classname="base.TestBase" name="@BeforeTest beforeTest" time="0.0">
    <ignored/>
  </testcase> <!-- @BeforeTest beforeTest -->
  <testcase classname="base.TestBase" name="@BeforeTest beforeTest" time="0.0">
    <ignored/>
  </testcase> <!-- @BeforeTest beforeTest -->
</testsuite> <!-- US QA MyMatrix Regression Testsuite -->
